2025-06-22 07:46:24,285 - INFO: Starting application
2025-06-22 07:46:24,833 - INFO: Fetched 1000 records for 1month, total: 1000
2025-06-22 07:46:25,574 - INFO: Fetched 1000 records for 1month, total: 2000
2025-06-22 07:46:26,300 - INFO: Fetched 1000 records for 1month, total: 3000
2025-06-22 07:46:27,023 - INFO: Fetched 1000 records for 1month, total: 4000
2025-06-22 07:46:27,765 - INFO: Fetched 1000 records for 1month, total: 5000
2025-06-22 07:46:28,517 - INFO: Fetched 1000 records for 1month, total: 6000
2025-06-22 07:46:41,243 - INFO: Starting application
2025-06-22 07:46:41,760 - INFO: Fetched 1000 records for 1day, total: 1000
2025-06-22 07:46:42,451 - INFO: Fetched 440 records for 1day, total: 1440
2025-06-22 07:46:44,244 - INFO: Fetched 1440 historical records for 1day, expected: 1440
2025-06-22 07:46:45,309 - INFO: Minute model trained, R²=0.9988, samples=1439
2025-06-22 07:46:45,375 - INFO: Hourly model trained, R²=0.9571, samples=24
2025-06-22 07:46:45,375 - INFO: Initial models trained
2025-06-22 07:46:45,836 - INFO: Network connection to Binance API is stable
2025-06-22 07:47:26,192 - INFO: Graph update interval set to 60000 ms for 1day
2025-06-22 07:47:35,405 - ERROR: Error in get_latest_features: name 'prediction_file_lock' is not defined
Traceback (most recent call last):
  File "c:\Users\vital\OneDrive\Рабочий стол\binance_predict\app\data\handler.py", line 322, in get_latest_features
    with prediction_file_lock:
         ^^^^^^^^^^^^^^^^^^^^
NameError: name 'prediction_file_lock' is not defined
2025-06-22 07:48:01,215 - ERROR: AggTrade WebSocket error: sent 1011 (unexpected error) keepalive ping timeout; no close frame received, reconnecting in 5 seconds...
2025-06-22 07:48:28,158 - ERROR: Error in get_latest_features: name 'prediction_file_lock' is not defined
Traceback (most recent call last):
  File "c:\Users\vital\OneDrive\Рабочий стол\binance_predict\app\data\handler.py", line 322, in get_latest_features
    with prediction_file_lock:
         ^^^^^^^^^^^^^^^^^^^^
NameError: name 'prediction_file_lock' is not defined
2025-06-22 07:48:33,587 - INFO: Restarting application
2025-06-22 07:52:14,321 - INFO: Starting application
2025-06-22 07:52:18,035 - INFO: Fetched 1000 records for 1day, total: 1000
2025-06-22 07:52:18,724 - INFO: Fetched 440 records for 1day, total: 1440
2025-06-22 07:52:19,124 - INFO: Fetched 1440 historical records for 1day, expected: 1440
2025-06-22 07:52:20,190 - INFO: Minute model trained, R²=0.9988, samples=1439
2025-06-22 07:52:20,258 - INFO: Hourly model trained, R²=0.9588, samples=24
2025-06-22 07:52:20,258 - INFO: Initial models trained
2025-06-22 07:52:20,710 - INFO: Network connection to Binance API is stable
2025-06-22 07:52:31,507 - INFO: Prediction saved to predictions_minute.csv: actual=102337.93, predicted=102346.15460000005
2025-06-22 07:52:32,415 - INFO: Graph update interval set to 60000 ms for 1day
2025-06-22 07:53:28,489 - INFO: Starting application
2025-06-22 07:53:29,038 - INFO: Fetched 1000 records for 1day, total: 1000
2025-06-22 07:53:29,725 - INFO: Fetched 440 records for 1day, total: 1440
2025-06-22 07:53:30,105 - INFO: Fetched 1440 historical records for 1day, expected: 1440
2025-06-22 07:53:31,163 - INFO: Minute model trained, R²=0.9988, samples=1439
2025-06-22 07:53:31,235 - INFO: Hourly model trained, R²=0.9574, samples=24
2025-06-22 07:53:31,235 - INFO: Initial models trained
2025-06-22 07:53:31,693 - INFO: Network connection to Binance API is stable
2025-06-22 07:53:33,138 - INFO: Prediction saved to predictions_minute.csv: actual=102396.75, predicted=102393.48680000003
2025-06-22 07:53:37,396 - INFO: Graph update interval set to 60000 ms for 1day
2025-06-22 07:53:53,667 - INFO: Restarting application
2025-06-22 07:53:53,780 - ERROR: Error restarting application: name 'platform' is not defined
2025-06-22 07:54:28,221 - INFO: Starting application
2025-06-22 07:54:28,744 - INFO: Fetched 1000 records for 1day, total: 1000
2025-06-22 07:54:29,422 - INFO: Fetched 440 records for 1day, total: 1440
2025-06-22 07:54:29,805 - INFO: Fetched 1440 historical records for 1day, expected: 1440
2025-06-22 07:54:30,865 - INFO: Minute model trained, R²=0.9988, samples=1439
2025-06-22 07:54:30,931 - INFO: Hourly model trained, R²=0.9589, samples=24
2025-06-22 07:54:30,931 - INFO: Initial models trained
2025-06-22 07:54:31,380 - INFO: Network connection to Binance API is stable
2025-06-22 07:54:33,625 - INFO: Graph update interval set to 60000 ms for 1day
2025-06-22 07:54:34,720 - INFO: Prediction saved to predictions_minute.csv: actual=102437.95, predicted=102435.7764
2025-06-22 07:55:01,717 - INFO: Restarting application
2025-06-22 07:55:58,731 - INFO: Starting application
2025-06-22 07:55:59,288 - INFO: Fetched 1000 records for 1day, total: 1000
2025-06-22 07:55:59,952 - INFO: Fetched 440 records for 1day, total: 1440
2025-06-22 07:56:00,339 - INFO: Fetched 1440 historical records for 1day, expected: 1440
2025-06-22 07:56:01,430 - INFO: Minute model trained, R²=0.9987, samples=1439
2025-06-22 07:56:01,498 - INFO: Hourly model trained, R²=0.9598, samples=24
2025-06-22 07:56:01,498 - INFO: Initial models trained
2025-06-22 07:56:01,950 - INFO: Network connection to Binance API is stable
2025-06-22 07:56:02,215 - INFO: Graph update interval set to 60000 ms for 1day
2025-06-22 07:56:03,254 - INFO: Prediction saved to predictions_minute.csv: actual=102388.68, predicted=102374.21050000003
2025-06-22 07:56:17,139 - INFO: Restarting application
2025-06-22 07:57:45,696 - INFO: Starting application
2025-06-22 07:57:46,247 - INFO: Fetched 1000 records for 1day, total: 1000
2025-06-22 07:57:46,918 - INFO: Fetched 440 records for 1day, total: 1440
2025-06-22 07:57:47,303 - INFO: Fetched 1440 historical records for 1day, expected: 1440
2025-06-22 07:57:48,371 - INFO: Minute model trained, R²=0.9987, samples=1439
2025-06-22 07:57:48,437 - INFO: Hourly model trained, R²=0.9553, samples=24
2025-06-22 07:57:48,437 - INFO: Initial models trained
2025-06-22 07:58:53,199 - INFO: Starting application
2025-06-22 07:58:53,726 - INFO: Fetched 1000 records for 1day, total: 1000
2025-06-22 07:58:54,387 - INFO: Fetched 440 records for 1day, total: 1440
2025-06-22 07:58:54,780 - INFO: Fetched 1440 historical records for 1day, expected: 1440
2025-06-22 07:58:55,855 - INFO: Minute model trained, R²=0.9988, samples=1439
2025-06-22 07:58:55,924 - INFO: Hourly model trained, R²=0.9574, samples=24
2025-06-22 07:58:55,924 - INFO: Initial models trained
2025-06-22 07:58:56,377 - INFO: Network connection to Binance API is stable
2025-06-22 07:58:56,686 - INFO: Graph update interval set to 60000 ms for 1day
2025-06-22 07:58:57,861 - INFO: Prediction saved to predictions_minute.csv: actual=102400.0, predicted=102390.60040000008
2025-06-22 07:59:59,336 - INFO: Prediction saved to predictions_minute.csv: actual=102400.0, predicted=102385.12050000005
2025-06-22 08:01:26,999 - ERROR: AggTrade WebSocket error: sent 1011 (unexpected error) keepalive ping timeout; no close frame received, reconnecting in 5 seconds...
2025-06-22 08:01:57,826 - INFO: Starting application
2025-06-22 08:01:58,373 - INFO: Fetched 1000 records for 1day, total: 1000
2025-06-22 08:01:59,046 - INFO: Fetched 440 records for 1day, total: 1440
2025-06-22 08:01:59,428 - INFO: Fetched 1440 historical records for 1day, expected: 1440
2025-06-22 08:02:00,503 - INFO: Minute model trained, R²=0.9987, samples=1439
2025-06-22 08:02:00,571 - INFO: Hourly model trained, R²=0.9616, samples=24
2025-06-22 08:02:00,571 - INFO: Initial models trained
2025-06-22 08:02:01,031 - INFO: Network connection to Binance API is stable
2025-06-22 08:02:07,830 - INFO: Restarting application
2025-06-22 08:02:36,012 - INFO: Starting application
2025-06-22 08:02:36,588 - INFO: Fetched 1000 records for 1day, total: 1000
2025-06-22 08:02:37,281 - INFO: Fetched 440 records for 1day, total: 1440
2025-06-22 08:02:37,661 - INFO: Fetched 1440 historical records for 1day, expected: 1440
2025-06-22 08:02:38,714 - INFO: Minute model trained, R²=0.9988, samples=1439
2025-06-22 08:02:38,781 - INFO: Hourly model trained, R²=0.9606, samples=24
2025-06-22 08:02:38,781 - INFO: Initial models trained
2025-06-22 08:02:39,230 - INFO: Network connection to Binance API is stable
2025-06-22 08:02:42,474 - INFO: Graph update interval set to 60000 ms for 1day
2025-06-22 08:02:43,595 - INFO: Prediction saved to predictions_minute.csv: actual=102443.15, predicted=102448.36560000002
2025-06-22 08:03:43,721 - INFO: Prediction saved to predictions_minute.csv: actual=102451.99, predicted=102434.88699999999
2025-06-22 08:04:30,511 - INFO: Starting application
2025-06-22 08:04:31,044 - INFO: Fetched 1000 records for 1day, total: 1000
2025-06-22 08:04:46,330 - ERROR: Error fetching historical data: HTTPSConnectionPool(host='api.binance.com', port=443): Read timed out. (read timeout=15)
2025-06-22 08:04:47,722 - INFO: Network connection to Binance API is stable
2025-06-22 08:04:55,170 - INFO: Starting application
2025-06-22 08:04:55,722 - INFO: Fetched 1000 records for 1day, total: 1000
2025-06-22 08:04:56,374 - INFO: Fetched 440 records for 1day, total: 1440
2025-06-22 08:04:56,748 - INFO: Fetched 1440 historical records for 1day, expected: 1440
2025-06-22 08:04:57,797 - INFO: Minute model trained, R²=0.9988, samples=1439
2025-06-22 08:04:57,863 - INFO: Hourly model trained, R²=0.9615, samples=24
2025-06-22 08:04:57,863 - INFO: Initial models trained
2025-06-22 08:04:58,297 - INFO: Network connection to Binance API is stable
2025-06-22 08:05:03,278 - INFO: Graph update interval set to 60000 ms for 1day
2025-06-22 08:05:04,538 - INFO: Prediction saved to predictions_minute.csv: actual=102499.49, predicted=102490.01960000001
2025-06-22 08:05:09,571 - INFO: Restarting application
2025-06-22 08:06:00,125 - INFO: Starting application
2025-06-22 08:06:00,659 - INFO: Fetched 1000 records for 1day, total: 1000
2025-06-22 08:06:01,326 - INFO: Fetched 440 records for 1day, total: 1440
2025-06-22 08:06:01,699 - INFO: Fetched 1440 historical records for 1day, expected: 1440
2025-06-22 08:06:02,824 - INFO: Minute model trained, R²=0.9988, samples=1439
2025-06-22 08:06:02,890 - INFO: Hourly model trained, R²=0.9622, samples=24
2025-06-22 08:06:02,891 - INFO: Initial models trained
2025-06-22 08:06:03,321 - INFO: Network connection to Binance API is stable
2025-06-22 08:06:03,521 - INFO: Graph update interval set to 60000 ms for 1day
2025-06-22 08:06:04,138 - INFO: Prediction saved to predictions_minute.csv: actual=102482.15, predicted=102464.75280000007
2025-06-22 08:06:20,354 - INFO: Restarting application
2025-06-22 08:09:53,282 - INFO: Starting application
2025-06-22 08:09:53,812 - INFO: Fetched 1000 records for 1day, total: 1000
2025-06-22 08:10:09,559 - ERROR: Error fetching historical data: HTTPSConnectionPool(host='api.binance.com', port=443): Read timed out. (read timeout=15)
2025-06-22 08:10:10,033 - INFO: Network connection to Binance API is stable
2025-06-22 08:10:13,143 - INFO: Graph update interval set to 60000 ms for 1day
2025-06-22 08:10:14,294 - WARNING: Insufficient data: 2 records
2025-06-22 08:10:29,098 - INFO: Shutdown signal received, exiting
2025-06-22 08:13:46,491 - INFO: Starting application
2025-06-22 08:13:47,021 - INFO: Fetched 1000 records for 1day, total: 1000
2025-06-22 08:13:47,686 - INFO: Fetched 440 records for 1day, total: 1440
2025-06-22 08:13:48,067 - INFO: Fetched 1440 historical records for 1day, expected: 1440
2025-06-22 08:13:49,118 - INFO: Minute model trained, R²=0.9988, samples=1439
2025-06-22 08:13:49,184 - INFO: Hourly model trained, R²=0.9609, samples=24
2025-06-22 08:13:49,184 - INFO: Initial models trained
2025-06-22 08:13:49,634 - INFO: Network connection to Binance API is stable
2025-06-22 08:13:57,678 - INFO: Graph update interval set to 60000 ms for 1day
2025-06-22 08:13:58,885 - INFO: Prediction saved to predictions_minute.csv: actual=102500.46, predicted=102497.66780000011
2025-06-22 08:14:05,005 - INFO: Пользователь инициировал перезапуск приложения.
2025-06-22 08:14:09,428 - INFO: Starting application
2025-06-22 08:14:09,997 - INFO: Fetched 1000 records for 1day, total: 1000
2025-06-22 08:14:10,658 - INFO: Fetched 440 records for 1day, total: 1440
2025-06-22 08:14:11,039 - INFO: Fetched 1440 historical records for 1day, expected: 1440
2025-06-22 08:14:12,113 - INFO: Minute model trained, R²=0.9988, samples=1439
2025-06-22 08:14:12,181 - INFO: Hourly model trained, R²=0.9613, samples=24
2025-06-22 08:14:12,181 - INFO: Initial models trained
2025-06-22 08:14:12,613 - INFO: Network connection to Binance API is stable
2025-06-22 08:14:21,971 - INFO: Graph update interval set to 60000 ms for 1day
2025-06-22 08:14:23,510 - INFO: Prediction saved to predictions_minute.csv: actual=102501.83, predicted=102497.9063
2025-06-22 08:15:15,539 - INFO: Starting application
2025-06-22 08:15:16,089 - INFO: Fetched 1000 records for 1day, total: 1000
2025-06-22 08:15:16,774 - INFO: Fetched 440 records for 1day, total: 1440
2025-06-22 08:15:17,150 - INFO: Fetched 1440 historical records for 1day, expected: 1440
2025-06-22 08:15:18,240 - INFO: Minute model trained, R²=0.9988, samples=1439
2025-06-22 08:15:18,309 - INFO: Hourly model trained, R²=0.9625, samples=24
2025-06-22 08:15:18,310 - INFO: Initial models trained
2025-06-22 08:15:18,772 - INFO: Network connection to Binance API is stable
2025-06-22 08:15:18,986 - INFO: Graph update interval set to 60000 ms for 1day
2025-06-22 08:15:20,030 - INFO: Prediction saved to predictions_minute.csv: actual=102440.0, predicted=102427.20510000011
2025-06-22 08:15:23,103 - INFO: Пользователь инициировал перезапуск приложения.
2025-06-22 08:15:27,472 - INFO: Starting application
2025-06-22 08:15:27,993 - INFO: Fetched 1000 records for 1day, total: 1000
2025-06-22 08:15:28,666 - INFO: Fetched 440 records for 1day, total: 1440
2025-06-22 08:15:29,055 - INFO: Fetched 1440 historical records for 1day, expected: 1440
2025-06-22 08:15:30,127 - INFO: Minute model trained, R²=0.9988, samples=1439
2025-06-22 08:15:30,194 - INFO: Hourly model trained, R²=0.9631, samples=24
2025-06-22 08:15:30,194 - INFO: Initial models trained
2025-06-22 08:15:30,649 - INFO: Network connection to Binance API is stable
2025-06-22 08:15:30,990 - INFO: Prediction saved to predictions_minute.csv: actual=102449.22, predicted=102431.38110000009
2025-06-22 08:15:34,020 - INFO: Graph update interval set to 60000 ms for 1day
2025-06-22 08:15:39,802 - INFO: Shutdown signal received, exiting
2025-06-22 08:37:23,663 - INFO: Starting application
2025-06-22 08:37:24,227 - INFO: Fetched 1000 records for 1day, total: 1000
2025-06-22 08:37:24,925 - INFO: Fetched 440 records for 1day, total: 1440
2025-06-22 08:37:25,327 - INFO: Fetched 1440 historical records for 1day, expected: 1440
2025-06-22 08:37:26,403 - INFO: Minute model trained, R²=0.9987, samples=1439
2025-06-22 08:37:26,471 - INFO: Hourly model trained, R²=0.9632, samples=24
2025-06-22 08:37:26,472 - INFO: Initial models trained
2025-06-22 08:37:26,944 - INFO: Network connection to Binance API is stable
2025-06-22 08:38:18,802 - INFO: Graph update interval set to 60000 ms for 1day
2025-06-22 08:38:29,832 - INFO: Prediction saved to predictions_minute.csv: actual=102283.64, predicted=102324.90000000002
2025-06-22 08:38:47,478 - INFO: Пользователь инициировал перезапуск приложения.
2025-06-22 08:38:52,127 - INFO: Starting application
2025-06-22 08:38:52,640 - INFO: Fetched 1000 records for 1day, total: 1000
2025-06-22 08:38:53,323 - INFO: Fetched 440 records for 1day, total: 1440
2025-06-22 08:38:53,706 - INFO: Fetched 1440 historical records for 1day, expected: 1440
2025-06-22 08:38:54,747 - INFO: Minute model trained, R²=0.9987, samples=1439
2025-06-22 08:38:54,817 - INFO: Hourly model trained, R²=0.9624, samples=24
2025-06-22 08:38:54,817 - INFO: Initial models trained
2025-06-22 08:38:55,278 - INFO: Network connection to Binance API is stable
2025-06-22 08:38:58,511 - INFO: Graph update interval set to 60000 ms for 1day
2025-06-22 08:38:59,426 - INFO: Prediction saved to predictions_minute.csv: actual=102304.01, predicted=102344.75739999999
2025-06-22 08:39:28,803 - INFO: Starting application
2025-06-22 08:39:29,362 - INFO: Fetched 1000 records for 1day, total: 1000
2025-06-22 08:39:30,027 - INFO: Fetched 440 records for 1day, total: 1440
2025-06-22 08:39:30,405 - INFO: Fetched 1440 historical records for 1day, expected: 1440
2025-06-22 08:39:31,491 - INFO: Minute model trained, R²=0.9988, samples=1439
2025-06-22 08:39:31,558 - INFO: Hourly model trained, R²=0.9628, samples=24
2025-06-22 08:39:31,558 - INFO: Initial models trained
2025-06-22 08:39:32,008 - INFO: Network connection to Binance API is stable
2025-06-22 08:39:50,495 - INFO: Graph update interval set to 60000 ms for 1day
2025-06-22 08:39:51,608 - INFO: Prediction saved to predictions_minute.csv: actual=102250.57, predicted=102312.70400000006
2025-06-22 07:07:24,387 - INFO: Starting application
2025-06-22 07:07:24,831 - INFO: Fetched 1000 records for 1day, total: 1000
2025-06-22 07:07:25,395 - INFO: Fetched 440 records for 1day, total: 1440
2025-06-22 07:07:26,175 - INFO: Fetched 1440 historical records for 1day, expected: 1440
2025-06-22 07:07:27,308 - INFO: Minute model trained, R²=0.9987, samples=1439
2025-06-22 07:07:27,549 - INFO: Hourly model trained, R²=0.9518, samples=24
2025-06-22 07:07:27,549 - INFO: Initial models trained
2025-06-22 07:07:27,894 - INFO: Network connection to Binance API is stable
2025-06-22 07:12:08,370 - INFO: Starting application
2025-06-22 07:12:08,798 - INFO: Fetched 1000 records for 1day, total: 1000
2025-06-22 07:12:09,347 - INFO: Fetched 440 records for 1day, total: 1440
2025-06-22 07:12:10,721 - INFO: Fetched 1440 historical records for 1day, expected: 1440
2025-06-22 07:12:12,921 - INFO: Minute model trained, R²=0.9988, samples=1439
2025-06-22 07:12:13,416 - INFO: Hourly model trained, R²=0.9480, samples=24
2025-06-22 07:12:13,416 - INFO: Initial models trained
2025-06-22 07:12:37,517 - INFO: Shutdown signal received, exiting
2025-06-22 07:12:51,534 - INFO: Starting application
2025-06-22 07:12:51,935 - INFO: Fetched 1000 records for 1day, total: 1000
2025-06-22 07:12:52,499 - INFO: Fetched 440 records for 1day, total: 1440
2025-06-22 07:12:53,240 - INFO: Fetched 1440 historical records for 1day, expected: 1440
2025-06-22 07:12:54,350 - INFO: Minute model trained, R²=0.9988, samples=1439
2025-06-22 07:12:54,612 - INFO: Hourly model trained, R²=0.9482, samples=24
2025-06-22 07:12:54,613 - INFO: Initial models trained
2025-06-22 07:12:54,962 - INFO: Network connection to Binance API is stable
2025-06-22 07:13:09,786 - INFO: Graph update interval set to 60000 ms for 1day
2025-06-22 07:13:11,727 - INFO: Prediction saved to predictions_minute.csv: actual=102617.68, predicted=102593.11000000007
2025-06-22 07:15:05,151 - INFO: Prediction saved to predictions_minute.csv: actual=102617.68, predicted=102593.11000000007
2025-06-22 07:15:19,500 - INFO: Graph update interval set to 60000 ms for 1day
2025-06-22 07:16:21,083 - INFO: Prediction saved to predictions_minute.csv: actual=102617.68, predicted=102593.11000000007
2025-06-22 07:18:21,536 - INFO: Prediction saved to predictions_minute.csv: actual=102572.37, predicted=102610.91750000004
2025-06-22 07:19:21,580 - INFO: Prediction saved to predictions_minute.csv: actual=102572.37, predicted=102610.91750000004
2025-06-22 07:20:21,828 - INFO: Prediction saved to predictions_minute.csv: actual=102572.37, predicted=102610.91750000004
2025-06-22 07:21:03,317 - INFO: Shutdown signal received, exiting
2025-06-22 07:27:12,224 - INFO: Starting application
2025-06-22 07:27:12,640 - INFO: Fetched 1000 records for 1day, total: 1000
2025-06-22 07:27:13,185 - INFO: Fetched 440 records for 1day, total: 1440
2025-06-22 07:27:13,978 - INFO: Fetched 1440 historical records for 1day, expected: 1440
2025-06-22 07:27:15,138 - INFO: Minute model trained, R²=0.9987, samples=1439
2025-06-22 07:27:15,358 - INFO: Hourly model trained, R²=0.9510, samples=24
2025-06-22 07:27:15,358 - INFO: Initial models trained
2025-06-22 07:27:15,698 - INFO: Network connection to Binance API is stable
2025-06-22 07:27:19,785 - INFO: Graph update interval set to 60000 ms for 1day
2025-06-22 07:27:21,578 - INFO: Prediction saved to predictions_minute.csv: actual=102484.0, predicted=102485.6092
2025-06-22 07:28:09,133 - INFO: Graph update interval set to 60000 ms for 1day
2025-06-22 07:28:21,900 - INFO: Prediction saved to predictions_minute.csv: actual=102484.0, predicted=102485.6092
2025-06-22 07:28:44,107 - INFO: Пользователь инициировал перезапуск приложения.
2025-06-22 07:28:48,934 - INFO: Starting application
2025-06-22 07:28:49,315 - INFO: Fetched 1000 records for 1day, total: 1000
2025-06-22 07:28:49,859 - INFO: Fetched 440 records for 1day, total: 1440
2025-06-22 07:28:50,609 - INFO: Fetched 1440 historical records for 1day, expected: 1440
2025-06-22 07:28:51,665 - INFO: Minute model trained, R²=0.9988, samples=1439
2025-06-22 07:28:51,893 - INFO: Hourly model trained, R²=0.9503, samples=24
2025-06-22 07:28:51,893 - INFO: Initial models trained
2025-06-22 07:28:52,251 - INFO: Network connection to Binance API is stable
2025-06-22 07:28:53,013 - INFO: Graph update interval set to 60000 ms for 1day
2025-06-22 07:28:54,010 - INFO: Prediction saved to predictions_minute.csv: actual=102489.12, predicted=102483.95529999997
2025-06-22 07:29:54,276 - INFO: Prediction saved to predictions_minute.csv: actual=102465.62, predicted=102438.51080000006
2025-06-22 07:30:54,651 - INFO: Prediction saved to predictions_minute.csv: actual=102465.62, predicted=102438.51080000006
2025-06-22 07:31:50,521 - INFO: Graph update interval set to 60000 ms for 1day
2025-06-22 07:31:56,651 - INFO: Prediction saved to predictions_minute.csv: actual=102465.62, predicted=102438.51080000006
2025-06-22 07:33:52,241 - INFO: Prediction saved to predictions_minute.csv: actual=102465.62, predicted=102438.51080000006
2025-06-22 07:33:54,628 - INFO: Пользователь инициировал перезапуск приложения.
2025-06-22 07:33:59,542 - INFO: Starting application
2025-06-22 07:33:59,957 - INFO: Fetched 1000 records for 1day, total: 1000
2025-06-22 07:34:00,526 - INFO: Fetched 440 records for 1day, total: 1440
2025-06-22 07:34:01,312 - INFO: Fetched 1440 historical records for 1day, expected: 1440
2025-06-22 07:34:02,420 - INFO: Minute model trained, R²=0.9987, samples=1439
2025-06-22 07:34:02,663 - INFO: Hourly model trained, R²=0.9491, samples=24
2025-06-22 07:34:02,664 - INFO: Initial models trained
2025-06-22 07:34:03,027 - INFO: Network connection to Binance API is stable
2025-06-22 07:34:04,365 - INFO: Graph update interval set to 60000 ms for 1day
2025-06-22 07:34:05,310 - INFO: Prediction saved to predictions_minute.csv: actual=102654.91, predicted=102638.6644
2025-06-22 07:35:05,977 - INFO: Prediction saved to predictions_minute.csv: actual=102654.91, predicted=102638.6644
2025-06-22 07:36:06,072 - INFO: Prediction saved to predictions_minute.csv: actual=102654.91, predicted=102638.6644
2025-06-22 07:38:06,119 - INFO: Prediction saved to predictions_minute.csv: actual=102654.91, predicted=102638.6644
2025-06-22 07:40:06,200 - INFO: Prediction saved to predictions_minute.csv: actual=102627.04, predicted=102596.93040000003
2025-06-22 07:41:07,021 - INFO: Prediction saved to predictions_minute.csv: actual=102627.04, predicted=102596.93040000003
2025-06-22 07:43:06,948 - INFO: Prediction saved to predictions_minute.csv: actual=102627.04, predicted=102596.93040000003
2025-06-22 07:44:06,973 - INFO: Prediction saved to predictions_minute.csv: actual=102627.04, predicted=102596.93040000003
2025-06-22 07:44:11,136 - INFO: Graph update interval set to 60000 ms for 1day
2025-06-22 07:45:14,452 - INFO: Prediction saved to predictions_minute.csv: actual=102627.04, predicted=102596.93040000003
2025-06-22 07:45:24,769 - INFO: Пользователь инициировал перезапуск приложения.
2025-06-22 07:45:29,569 - INFO: Starting application
2025-06-22 07:45:30,036 - INFO: Fetched 1000 records for 1day, total: 1000
2025-06-22 07:45:30,576 - INFO: Fetched 440 records for 1day, total: 1440
2025-06-22 07:45:31,318 - INFO: Fetched 1440 historical records for 1day, expected: 1440
2025-06-22 07:45:32,364 - INFO: Minute model trained, R²=0.9987, samples=1439
2025-06-22 07:45:32,589 - INFO: Hourly model trained, R²=0.9518, samples=24
2025-06-22 07:45:32,589 - INFO: Initial models trained
2025-06-22 07:45:32,943 - INFO: Network connection to Binance API is stable
2025-06-22 07:45:34,038 - INFO: Graph update interval set to 60000 ms for 1day
2025-06-22 07:45:47,563 - INFO: Graph update interval set to 60000 ms for 1day
2025-06-22 07:46:27,234 - INFO: Graph update interval set to 60000 ms for 1day
2025-06-22 07:46:29,255 - INFO: Пользователь инициировал перезапуск приложения.
2025-06-22 07:46:34,032 - INFO: Starting application
2025-06-22 07:46:34,470 - INFO: Fetched 1000 records for 1day, total: 1000
2025-06-22 07:46:35,039 - INFO: Fetched 440 records for 1day, total: 1440
2025-06-22 07:46:35,803 - INFO: Fetched 1440 historical records for 1day, expected: 1440
2025-06-22 07:46:36,890 - INFO: Minute model trained, R²=0.9988, samples=1439
2025-06-22 07:46:37,112 - INFO: Hourly model trained, R²=0.9528, samples=24
2025-06-22 07:46:37,112 - INFO: Initial models trained
2025-06-22 07:46:37,467 - INFO: Network connection to Binance API is stable
2025-06-22 07:46:37,548 - INFO: Prediction saved to predictions_minute.csv: actual=102440.15, predicted=102457.0685000001
2025-06-22 07:46:37,555 - INFO: Prediction saved to predictions_minute.csv: actual=102440.15, predicted=102457.0685000001
2025-06-22 07:48:28,613 - INFO: Prediction saved to predictions_minute.csv: actual=102485.06, predicted=102497.15450000005
2025-06-22 07:49:28,632 - INFO: Prediction saved to predictions_minute.csv: actual=102485.06, predicted=102497.15450000005
2025-06-22 07:50:29,106 - INFO: Prediction saved to predictions_minute.csv: actual=102485.06, predicted=102497.15450000005
2025-06-22 07:52:29,459 - INFO: Prediction saved to predictions_minute.csv: actual=102485.06, predicted=102497.15450000005
2025-06-22 07:53:30,153 - INFO: Prediction saved to predictions_minute.csv: actual=102485.06, predicted=102497.15450000005
2025-06-22 07:54:35,347 - INFO: Prediction saved to predictions_minute.csv: actual=102500.74, predicted=102544.25930000002
2025-06-22 07:56:30,439 - INFO: Prediction saved to predictions_minute.csv: actual=102500.74, predicted=102544.25930000002
2025-06-22 07:58:31,361 - INFO: Prediction saved to predictions_minute.csv: actual=102500.74, predicted=102544.25930000002
2025-06-22 08:00:31,640 - INFO: Prediction saved to predictions_minute.csv: actual=102500.74, predicted=102544.25930000002
2025-06-22 08:02:30,441 - INFO: Prediction saved to predictions_minute.csv: actual=102500.74, predicted=102544.25930000002
2025-06-22 08:03:32,123 - INFO: Prediction saved to predictions_minute.csv: actual=102500.74, predicted=102544.25930000002
2025-06-22 08:04:32,515 - INFO: Prediction saved to predictions_minute.csv: actual=102500.74, predicted=102544.25930000002
2025-06-22 08:05:45,560 - INFO: Пользователь инициировал перезапуск приложения.
2025-06-22 08:05:50,791 - INFO: Starting application
2025-06-22 08:05:51,256 - INFO: Fetched 1000 records for 1day, total: 1000
2025-06-22 08:05:51,843 - INFO: Fetched 440 records for 1day, total: 1440
2025-06-22 08:05:52,638 - INFO: Fetched 1440 historical records for 1day, expected: 1440
2025-06-22 08:05:53,798 - INFO: Minute model trained, R²=0.9987, samples=1439
2025-06-22 08:05:54,053 - INFO: Hourly model trained, R²=0.9525, samples=24
2025-06-22 08:05:54,054 - INFO: Initial models trained
2025-06-22 08:05:54,445 - INFO: Network connection to Binance API is stable
2025-06-22 08:05:55,643 - INFO: Graph update interval set to 60000 ms for 1day
2025-06-22 08:05:56,518 - INFO: Prediction saved to predictions_minute.csv: actual=102785.96, predicted=102778.92420000004
2025-06-22 08:06:56,971 - INFO: Prediction saved to predictions_minute.csv: actual=102795.17, predicted=102780.23650000004
2025-06-22 08:07:57,024 - INFO: Prediction saved to predictions_minute.csv: actual=102731.0, predicted=102722.14579999993
2025-06-22 08:08:57,768 - INFO: Prediction saved to predictions_minute.csv: actual=102731.0, predicted=102722.14579999993
2025-06-22 08:10:35,405 - INFO: Graph update interval set to 60000 ms for 1day
2025-06-22 08:10:38,472 - INFO: Prediction saved to predictions_minute.csv: actual=102731.0, predicted=102722.14579999993
2025-06-22 08:12:37,896 - INFO: Prediction saved to predictions_minute.csv: actual=102731.0, predicted=102722.14579999993
2025-06-22 08:14:31,073 - INFO: Graph update interval set to 60000 ms for 1day
2025-06-22 08:14:34,480 - INFO: Prediction saved to predictions_minute.csv: actual=102731.0, predicted=102722.14579999993
2025-06-22 08:15:38,032 - INFO: Prediction saved to predictions_minute.csv: actual=102731.0, predicted=102722.14579999993
2025-06-22 08:16:38,095 - INFO: Prediction saved to predictions_minute.csv: actual=102731.0, predicted=102722.14579999993
2025-06-22 08:17:40,131 - INFO: Prediction saved to predictions_minute.csv: actual=102731.0, predicted=102722.14579999993
2025-06-22 08:18:42,403 - INFO: Prediction saved to predictions_minute.csv: actual=102731.0, predicted=102722.14579999993
2025-06-22 08:19:46,348 - INFO: Prediction saved to predictions_minute.csv: actual=102731.0, predicted=102722.14579999993
2025-06-22 08:20:16,941 - INFO: Graph update interval set to 60000 ms for 1day
2025-06-22 08:20:49,759 - INFO: Prediction saved to predictions_minute.csv: actual=102731.0, predicted=102722.14579999993
2025-06-22 08:21:52,864 - INFO: Prediction saved to predictions_minute.csv: actual=102731.0, predicted=102722.14579999993
2025-06-22 08:22:06,534 - ERROR: Kline WebSocket error: received 1008 (policy violation) Pong timeout; then sent 1008 (policy violation) Pong timeout, reconnecting in 5 seconds...
2025-06-22 08:22:06,538 - ERROR: AggTrade WebSocket error: received 1008 (policy violation) Pong timeout; then sent 1008 (policy violation) Pong timeout, reconnecting in 5 seconds...
2025-06-22 08:22:27,928 - WARNING: WebSocket gap detected: 900.0 seconds
2025-06-22 08:22:55,157 - INFO: Prediction saved to predictions_minute.csv: actual=102786.62, predicted=102775.48040000001
2025-06-22 08:24:54,688 - INFO: Prediction saved to predictions_minute.csv: actual=102786.62, predicted=102775.48040000001
2025-06-22 08:25:56,035 - INFO: Prediction saved to predictions_minute.csv: actual=102786.62, predicted=102775.48040000001
2025-06-22 08:27:54,910 - INFO: Prediction saved to predictions_minute.csv: actual=102786.62, predicted=102775.48040000001
2025-06-22 08:28:55,599 - INFO: Prediction saved to predictions_minute.csv: actual=102786.62, predicted=102775.48040000001
2025-06-22 08:29:38,593 - INFO: Graph update interval set to 60000 ms for 1day
2025-06-22 08:29:52,185 - INFO: Пользователь инициировал перезапуск приложения.
2025-06-22 08:29:57,070 - INFO: Starting application
2025-06-22 08:29:57,524 - INFO: Fetched 1000 records for 1day, total: 1000
2025-06-22 08:29:58,086 - INFO: Fetched 440 records for 1day, total: 1440
2025-06-22 08:29:58,849 - INFO: Fetched 1440 historical records for 1day, expected: 1440
2025-06-22 08:29:59,881 - INFO: Minute model trained, R²=0.9988, samples=1439
2025-06-22 08:30:00,098 - INFO: Hourly model trained, R²=0.9530, samples=24
2025-06-22 08:30:00,098 - INFO: Initial models trained
2025-06-22 08:30:00,265 - INFO: Пользователь инициировал перезапуск приложения.
2025-06-22 08:30:05,142 - INFO: Starting application
2025-06-22 08:30:05,511 - INFO: Fetched 1000 records for 1day, total: 1000
2025-06-22 08:30:06,059 - INFO: Fetched 440 records for 1day, total: 1440
2025-06-22 08:30:06,802 - INFO: Fetched 1440 historical records for 1day, expected: 1440
2025-06-22 08:30:07,855 - INFO: Minute model trained, R²=0.9988, samples=1439
2025-06-22 08:30:08,071 - INFO: Hourly model trained, R²=0.9530, samples=24
2025-06-22 08:30:08,072 - INFO: Initial models trained
2025-06-22 08:30:08,403 - INFO: Network connection to Binance API is stable
2025-06-22 08:30:11,214 - INFO: Graph update interval set to 60000 ms for 1day
2025-06-22 08:30:12,139 - INFO: Prediction saved to predictions_minute.csv: actual=102832.6, predicted=102841.68949999993
2025-06-22 08:39:56,761 - INFO: Graph update interval set to 60000 ms for 1day
2025-06-22 08:40:01,356 - INFO: Prediction saved to predictions_minute.csv: actual=102801.7, predicted=102839.03459999994
2025-06-22 08:42:07,422 - INFO: Graph update interval set to 60000 ms for 1day
2025-06-22 08:42:11,984 - INFO: Prediction saved to predictions_minute.csv: actual=102801.7, predicted=102839.03459999994
2025-06-22 08:50:20,901 - ERROR: Kline WebSocket error: received 1008 (policy violation) Pong timeout; then sent 1008 (policy violation) Pong timeout, reconnecting in 5 seconds...
2025-06-22 08:50:20,907 - ERROR: AggTrade WebSocket error: received 1008 (policy violation) Pong timeout; then sent 1008 (policy violation) Pong timeout, reconnecting in 5 seconds...
2025-06-22 08:53:14,352 - WARNING: WebSocket gap detected: 1080.0 seconds
2025-06-22 08:53:14,421 - INFO: Received 1557 kline records, last_close: 102649.09
2025-06-22 09:25:08,937 - ERROR: Kline WebSocket error: received 1008 (policy violation) Pong timeout; then sent 1008 (policy violation) Pong timeout, reconnecting in 5 seconds...
2025-06-22 09:25:08,939 - ERROR: AggTrade WebSocket error: received 1008 (policy violation) Pong timeout; then sent 1008 (policy violation) Pong timeout, reconnecting in 5 seconds...
2025-06-22 09:25:41,901 - WARNING: WebSocket gap detected: 2040.0 seconds
2025-06-22 09:40:57,601 - INFO: Graph update interval set to 60000 ms for 1day
2025-06-22 09:41:07,554 - INFO: Prediction saved to predictions_minute.csv: actual=102814.46, predicted=102835.94079999997
2025-06-22 10:07:44,325 - ERROR: Kline WebSocket error: received 1008 (policy violation) Pong timeout; then sent 1008 (policy violation) Pong timeout, reconnecting in 5 seconds...
2025-06-22 10:07:44,327 - ERROR: AggTrade WebSocket error: received 1008 (policy violation) Pong timeout; then sent 1008 (policy violation) Pong timeout, reconnecting in 5 seconds...
2025-06-22 10:07:58,122 - WARNING: WebSocket gap detected: 2460.0 seconds
2025-06-22 10:23:35,393 - INFO: Received 1730 kline records, last_close: 102682.21
2025-06-22 11:08:56,817 - ERROR: Kline WebSocket error: received 1008 (policy violation) Pong timeout; then sent 1008 (policy violation) Pong timeout, reconnecting in 5 seconds...
2025-06-22 11:08:56,819 - ERROR: AggTrade WebSocket error: received 1008 (policy violation) Pong timeout; then sent 1008 (policy violation) Pong timeout, reconnecting in 5 seconds...
2025-06-22 11:45:04,458 - INFO: Graph update interval set to 60000 ms for 1day
2025-06-22 11:45:16,783 - WARNING: WebSocket gap detected: 3600.0 seconds
2025-06-22 11:45:17,028 - INFO: Prediction saved to predictions_minute.csv: actual=102679.92, predicted=102694.8606
2025-06-22 11:45:38,120 - INFO: Пользователь инициировал перезапуск приложения.
2025-06-22 11:45:43,012 - INFO: Starting application
2025-06-22 11:45:43,415 - INFO: Fetched 1000 records for 1day, total: 1000
2025-06-22 11:45:43,959 - INFO: Fetched 440 records for 1day, total: 1440
2025-06-22 11:45:44,703 - INFO: Fetched 1440 historical records for 1day, expected: 1440
2025-06-22 11:45:45,742 - INFO: Minute model trained, R²=0.9987, samples=1439
2025-06-22 11:45:45,956 - INFO: Hourly model trained, R²=0.9463, samples=24
2025-06-22 11:45:45,957 - INFO: Initial models trained
2025-06-22 11:45:46,322 - INFO: Network connection to Binance API is stable
2025-06-22 11:54:15,939 - INFO: Graph update interval set to 60000 ms for 1day
2025-06-22 11:54:20,061 - INFO: Prediction saved to predictions_minute.csv: actual=102564.75, predicted=102564.12929999997
2025-06-22 12:13:01,675 - ERROR: Kline WebSocket error: received 1008 (policy violation) Pong timeout; then sent 1008 (policy violation) Pong timeout, reconnecting in 5 seconds...
2025-06-22 12:13:01,680 - ERROR: AggTrade WebSocket error: received 1008 (policy violation) Pong timeout; then sent 1008 (policy violation) Pong timeout, reconnecting in 5 seconds...
2025-06-22 12:13:11,342 - WARNING: WebSocket gap detected: 1560.0 seconds
2025-06-22 12:14:15,826 - INFO: Received 1565 kline records, last_close: 102575.37
2025-06-22 12:51:55,703 - INFO: Graph update interval set to 60000 ms for 1day
2025-06-22 12:51:55,950 - INFO: Graph update interval set to 60000 ms for 1day
2025-06-22 12:52:05,295 - INFO: Prediction saved to predictions_minute.csv: actual=102596.78, predicted=102593.48760000002
2025-06-22 12:52:05,301 - INFO: Prediction saved to predictions_minute.csv: actual=102596.78, predicted=102593.48760000002
2025-06-22 12:53:05,365 - INFO: Пользователь инициировал перезапуск приложения.
2025-06-22 12:53:10,143 - INFO: Starting application
2025-06-22 12:53:11,047 - INFO: Fetched 1000 records for 1day, total: 1000
2025-06-22 12:53:11,613 - INFO: Fetched 440 records for 1day, total: 1440
2025-06-22 12:53:12,339 - INFO: Fetched 1440 historical records for 1day, expected: 1440
2025-06-22 12:53:13,401 - INFO: Minute model trained, R²=0.9986, samples=1439
2025-06-22 12:53:13,619 - INFO: Hourly model trained, R²=0.9412, samples=24
2025-06-22 12:53:13,619 - INFO: Initial models trained
2025-06-22 12:53:13,978 - INFO: Network connection to Binance API is stable
2025-06-22 12:53:57,324 - INFO: Prediction saved to predictions_hourly.csv: actual=102181.22, predicted=102355.9299
2025-06-22 12:53:57,339 - INFO: Prediction saved to predictions_minute.csv: actual=102181.22, predicted=102164.09790000001
2025-06-22 12:57:36,111 - INFO: Graph update interval set to 60000 ms for 1day
2025-06-22 12:57:38,579 - INFO: Prediction saved to predictions_minute.csv: actual=102145.52, predicted=102217.52469999997
2025-06-22 12:58:19,836 - INFO: Пользователь инициировал перезапуск приложения.
2025-06-22 12:58:24,704 - INFO: Starting application
2025-06-22 12:58:25,109 - INFO: Fetched 1000 records for 1day, total: 1000
2025-06-22 12:58:25,684 - INFO: Fetched 440 records for 1day, total: 1440
2025-06-22 12:58:26,477 - INFO: Fetched 1440 historical records for 1day, expected: 1440
2025-06-22 12:58:27,574 - INFO: Minute model trained, R²=0.9985, samples=1439
2025-06-22 12:58:27,818 - INFO: Hourly model trained, R²=0.9438, samples=24
2025-06-22 12:58:27,819 - INFO: Initial models trained
2025-06-22 12:58:28,177 - INFO: Network connection to Binance API is stable
2025-06-22 12:58:35,890 - INFO: Prediction saved to predictions_hourly.csv: actual=102167.43, predicted=102271.81040000002
2025-06-22 12:58:51,767 - INFO: Пользователь инициировал перезапуск приложения.
2025-06-22 12:58:56,564 - INFO: Starting application
2025-06-22 12:58:56,962 - INFO: Fetched 1000 records for 1day, total: 1000
2025-06-22 12:58:57,529 - INFO: Fetched 440 records for 1day, total: 1440
2025-06-22 12:58:58,279 - INFO: Fetched 1440 historical records for 1day, expected: 1440
2025-06-22 12:58:59,350 - INFO: Minute model trained, R²=0.9985, samples=1439
2025-06-22 12:58:59,571 - INFO: Hourly model trained, R²=0.9403, samples=24
2025-06-22 12:58:59,572 - INFO: Initial models trained
2025-06-22 12:58:59,931 - INFO: Network connection to Binance API is stable
2025-06-22 12:59:37,506 - INFO: Prediction saved to predictions_hourly.csv: actual=102164.21, predicted=102296.979
2025-06-22 13:00:37,784 - INFO: Prediction saved to predictions_hourly.csv: actual=102164.21, predicted=102296.979
2025-06-22 13:01:39,520 - INFO: Prediction saved to predictions_hourly.csv: actual=102164.21, predicted=102296.979
2025-06-22 13:02:40,124 - INFO: Prediction saved to predictions_hourly.csv: actual=102199.99, predicted=102561.08870000002
2025-06-22 13:03:40,432 - INFO: Prediction saved to predictions_hourly.csv: actual=102199.99, predicted=102561.08870000002
2025-06-22 13:04:42,650 - INFO: Prediction saved to predictions_hourly.csv: actual=102199.99, predicted=102561.08870000002
2025-06-22 13:05:46,241 - INFO: Prediction saved to predictions_hourly.csv: actual=102199.99, predicted=102561.08870000002
2025-06-22 13:06:48,951 - INFO: Prediction saved to predictions_hourly.csv: actual=102199.99, predicted=102561.08870000002
2025-06-22 13:07:52,392 - INFO: Prediction saved to predictions_hourly.csv: actual=102199.99, predicted=102561.08870000002
2025-06-22 13:08:54,892 - INFO: Prediction saved to predictions_hourly.csv: actual=102199.99, predicted=102561.08870000002
2025-06-22 13:09:59,470 - INFO: Prediction saved to predictions_hourly.csv: actual=102199.99, predicted=102561.08870000002
2025-06-22 13:11:39,785 - INFO: Prediction saved to predictions_hourly.csv: actual=102199.99, predicted=102561.08870000002
2025-06-22 13:12:40,840 - INFO: Prediction saved to predictions_hourly.csv: actual=102199.99, predicted=102561.08870000002
2025-06-22 13:14:40,357 - INFO: Prediction saved to predictions_hourly.csv: actual=102199.99, predicted=102561.08870000002
2025-06-22 13:15:44,140 - INFO: Prediction saved to predictions_hourly.csv: actual=102199.99, predicted=102561.08870000002
2025-06-22 13:16:39,554 - ERROR: Kline WebSocket error: received 1008 (policy violation) Pong timeout; then sent 1008 (policy violation) Pong timeout, reconnecting in 5 seconds...
2025-06-22 13:16:39,560 - ERROR: AggTrade WebSocket error: sent 1011 (internal error) keepalive ping timeout; no close frame received, reconnecting in 5 seconds...
2025-06-22 13:16:46,148 - WARNING: WebSocket gap detected: 960.0 seconds
2025-06-22 13:17:50,956 - INFO: Prediction saved to predictions_hourly.csv: actual=102268.1, predicted=102570.52930000001
2025-06-22 13:18:52,525 - INFO: Prediction saved to predictions_hourly.csv: actual=102268.1, predicted=102570.52930000001
2025-06-22 13:19:56,604 - INFO: Prediction saved to predictions_hourly.csv: actual=102238.33, predicted=102334.22840000002
2025-06-22 13:20:58,999 - INFO: Prediction saved to predictions_hourly.csv: actual=102238.33, predicted=102334.22840000002
2025-06-22 13:22:01,640 - INFO: Prediction saved to predictions_hourly.csv: actual=102238.33, predicted=102334.22840000002
2025-06-22 13:23:59,935 - INFO: Prediction saved to predictions_hourly.csv: actual=102238.33, predicted=102334.22840000002
2025-06-22 13:25:01,216 - INFO: Prediction saved to predictions_hourly.csv: actual=102238.33, predicted=102334.22840000002
2025-06-22 13:26:41,797 - INFO: Prediction saved to predictions_hourly.csv: actual=102238.33, predicted=102334.22840000002
2025-06-22 13:27:42,095 - INFO: Prediction saved to predictions_hourly.csv: actual=102238.33, predicted=102334.22840000002
2025-06-22 13:28:43,988 - INFO: Prediction saved to predictions_hourly.csv: actual=102238.33, predicted=102334.22840000002
2025-06-22 13:29:44,479 - INFO: Prediction saved to predictions_hourly.csv: actual=102238.33, predicted=102334.22840000002
2025-06-22 13:31:43,678 - INFO: Prediction saved to predictions_hourly.csv: actual=102238.33, predicted=102334.22840000002
2025-06-22 13:32:44,157 - INFO: Prediction saved to predictions_hourly.csv: actual=102238.33, predicted=102334.22840000002
2025-06-22 13:33:44,592 - INFO: Prediction saved to predictions_hourly.csv: actual=102238.33, predicted=102334.22840000002
2025-06-22 13:34:49,247 - INFO: Prediction saved to predictions_hourly.csv: actual=102238.33, predicted=102334.22840000002
2025-06-22 13:35:50,604 - INFO: Prediction saved to predictions_hourly.csv: actual=102238.33, predicted=102334.22840000002
2025-06-22 13:36:55,241 - INFO: Prediction saved to predictions_hourly.csv: actual=102238.33, predicted=102334.22840000002
2025-06-22 13:37:57,473 - INFO: Prediction saved to predictions_hourly.csv: actual=102238.33, predicted=102334.22840000002
2025-06-22 13:39:00,255 - INFO: Prediction saved to predictions_hourly.csv: actual=102238.33, predicted=102334.22840000002
2025-06-22 13:40:03,327 - INFO: Prediction saved to predictions_hourly.csv: actual=102238.33, predicted=102334.22840000002
2025-06-22 13:41:03,929 - INFO: Prediction saved to predictions_hourly.csv: actual=102238.33, predicted=102334.22840000002
2025-06-22 13:41:21,852 - ERROR: Kline WebSocket error: received 1008 (policy violation) Pong timeout; then sent 1008 (policy violation) Pong timeout, reconnecting in 5 seconds...
2025-06-22 13:41:21,854 - ERROR: AggTrade WebSocket error: received 1008 (policy violation) Pong timeout; then sent 1008 (policy violation) Pong timeout, reconnecting in 5 seconds...
2025-06-22 13:41:28,161 - WARNING: WebSocket gap detected: 1440.0 seconds
2025-06-22 13:43:02,683 - INFO: Prediction saved to predictions_hourly.csv: actual=102488.56, predicted=102553.32800000002
2025-06-22 13:44:02,944 - INFO: Prediction saved to predictions_hourly.csv: actual=102488.56, predicted=102553.32800000002
2025-06-22 13:45:03,307 - INFO: Prediction saved to predictions_hourly.csv: actual=102488.56, predicted=102553.32800000002
2025-06-22 13:46:19,235 - INFO: Graph update interval set to 60000 ms for 1day
2025-06-22 13:46:32,991 - INFO: Prediction saved to predictions_minute.csv: actual=102488.56, predicted=102490.3638
2025-06-22 13:47:14,806 - INFO: Пользователь инициировал перезапуск приложения.
2025-06-22 13:47:19,678 - INFO: Starting application
2025-06-22 13:47:20,131 - INFO: Fetched 1000 records for 1day, total: 1000
2025-06-22 13:47:20,941 - INFO: Fetched 440 records for 1day, total: 1440
2025-06-22 13:47:21,709 - INFO: Fetched 1440 historical records for 1day, expected: 1440
2025-06-22 13:47:22,797 - INFO: Minute model trained, R²=0.9984, samples=1439
2025-06-22 13:47:23,021 - INFO: Hourly model trained, R²=0.9440, samples=24
2025-06-22 13:47:23,022 - INFO: Initial models trained
2025-06-22 13:47:23,387 - INFO: Network connection to Binance API is stable
2025-06-22 13:47:36,545 - INFO: Prediction saved to predictions_hourly.csv: actual=102514.03, predicted=102536.48360000007
2025-06-22 13:48:38,528 - INFO: Prediction saved to predictions_hourly.csv: actual=102478.25, predicted=102548.33200000005
2025-06-22 13:49:38,868 - INFO: Prediction saved to predictions_hourly.csv: actual=102478.25, predicted=102548.33200000005
2025-06-22 13:50:39,613 - INFO: Prediction saved to predictions_hourly.csv: actual=102478.25, predicted=102548.33200000005
2025-06-22 13:52:40,125 - INFO: Prediction saved to predictions_hourly.csv: actual=102475.99, predicted=102548.05440000005
2025-06-22 13:53:42,647 - INFO: Prediction saved to predictions_hourly.csv: actual=102475.99, predicted=102548.05440000005
2025-06-22 13:54:46,523 - INFO: Prediction saved to predictions_hourly.csv: actual=102475.99, predicted=102548.05440000005
2025-06-22 13:55:49,064 - INFO: Prediction saved to predictions_hourly.csv: actual=102475.99, predicted=102548.05440000005
2025-06-22 13:56:53,296 - INFO: Prediction saved to predictions_hourly.csv: actual=102475.99, predicted=102548.05440000005
2025-06-22 13:57:56,060 - INFO: Prediction saved to predictions_hourly.csv: actual=102475.99, predicted=102548.05440000005
2025-06-22 13:58:58,996 - INFO: Prediction saved to predictions_hourly.csv: actual=102475.99, predicted=102548.05440000005
2025-06-22 14:00:00,429 - INFO: Prediction saved to predictions_hourly.csv: actual=102475.99, predicted=102548.05440000005
2025-06-22 14:01:00,629 - INFO: Prediction saved to predictions_hourly.csv: actual=102475.99, predicted=102548.05440000005
2025-06-22 14:02:00,646 - INFO: Prediction saved to predictions_hourly.csv: actual=102475.99, predicted=102548.05440000005
2025-06-22 14:03:58,642 - INFO: Prediction saved to predictions_hourly.csv: actual=102475.99, predicted=102548.05440000005
2025-06-22 14:04:06,579 - ERROR: Kline WebSocket error: received 1008 (policy violation) Pong timeout; then sent 1008 (policy violation) Pong timeout, reconnecting in 5 seconds...
2025-06-22 14:04:06,583 - ERROR: AggTrade WebSocket error: received 1008 (policy violation) Pong timeout; then sent 1008 (policy violation) Pong timeout, reconnecting in 5 seconds...
2025-06-22 14:04:16,172 - WARNING: WebSocket gap detected: 900.0 seconds
2025-06-22 14:05:43,311 - INFO: Prediction saved to predictions_hourly.csv: actual=102510.0, predicted=102553.14080000008
2025-06-22 14:07:44,014 - INFO: Prediction saved to predictions_hourly.csv: actual=102510.0, predicted=102553.14080000008
2025-06-22 14:08:44,605 - INFO: Prediction saved to predictions_hourly.csv: actual=102510.0, predicted=102553.14080000008
2025-06-22 14:10:45,878 - INFO: Prediction saved to predictions_hourly.csv: actual=102510.0, predicted=102553.14080000008
2025-06-22 14:11:48,149 - INFO: Prediction saved to predictions_hourly.csv: actual=102510.0, predicted=102553.14080000008
2025-06-22 14:12:51,992 - INFO: Prediction saved to predictions_hourly.csv: actual=102510.0, predicted=102553.14080000008
2025-06-22 14:13:56,827 - INFO: Prediction saved to predictions_hourly.csv: actual=102510.0, predicted=102553.14080000008
2025-06-22 14:14:59,035 - INFO: Prediction saved to predictions_hourly.csv: actual=102510.0, predicted=102553.14080000008
2025-06-22 14:16:03,365 - INFO: Prediction saved to predictions_hourly.csv: actual=102510.0, predicted=102553.14080000008
2025-06-22 14:17:03,652 - INFO: Prediction saved to predictions_hourly.csv: actual=102510.0, predicted=102553.14080000008
2025-06-22 14:19:03,111 - INFO: Prediction saved to predictions_hourly.csv: actual=102510.0, predicted=102553.14080000008
2025-06-22 14:20:03,727 - INFO: Prediction saved to predictions_hourly.csv: actual=102510.0, predicted=102553.14080000008
2025-06-22 14:23:02,353 - INFO: Prediction saved to predictions_hourly.csv: actual=102510.0, predicted=102553.14080000008
2025-06-22 14:24:06,503 - INFO: Prediction saved to predictions_hourly.csv: actual=102510.0, predicted=102553.14080000008
2025-06-22 14:26:03,064 - INFO: Prediction saved to predictions_hourly.csv: actual=102510.0, predicted=102553.14080000008
2025-06-22 14:28:03,848 - INFO: Prediction saved to predictions_hourly.csv: actual=102510.0, predicted=102553.14080000008
2025-06-22 14:30:02,263 - INFO: Prediction saved to predictions_hourly.csv: actual=102510.0, predicted=102553.14080000008
2025-06-22 14:31:02,881 - INFO: Prediction saved to predictions_hourly.csv: actual=102510.0, predicted=102553.14080000008
2025-06-22 14:33:02,727 - INFO: Prediction saved to predictions_hourly.csv: actual=102510.0, predicted=102553.14080000008
2025-06-22 14:34:03,142 - INFO: Prediction saved to predictions_hourly.csv: actual=102510.0, predicted=102553.14080000008
2025-06-22 14:35:21,384 - INFO: Received 1554 kline records, last_close: 102596.95
2025-06-22 14:36:01,867 - INFO: Prediction saved to predictions_hourly.csv: actual=102584.0, predicted=102520.04810000006
2025-06-22 14:38:04,425 - INFO: Prediction saved to predictions_hourly.csv: actual=102584.0, predicted=102520.04810000006
2025-06-22 14:39:04,452 - INFO: Prediction saved to predictions_hourly.csv: actual=102584.0, predicted=102520.04810000006
2025-06-22 14:41:02,817 - INFO: Prediction saved to predictions_hourly.csv: actual=102584.0, predicted=102520.04810000006
2025-06-22 14:42:02,872 - INFO: Prediction saved to predictions_hourly.csv: actual=102584.0, predicted=102520.04810000006
2025-06-22 14:44:04,817 - INFO: Prediction saved to predictions_hourly.csv: actual=102584.0, predicted=102520.04810000006
2025-06-22 14:46:01,966 - INFO: Prediction saved to predictions_hourly.csv: actual=102584.0, predicted=102520.04810000006
2025-06-22 14:47:03,818 - INFO: Prediction saved to predictions_hourly.csv: actual=102584.0, predicted=102520.04810000006
2025-06-22 14:49:03,380 - INFO: Prediction saved to predictions_hourly.csv: actual=102584.0, predicted=102520.04810000006
2025-06-22 14:51:01,452 - INFO: Prediction saved to predictions_hourly.csv: actual=102584.0, predicted=102520.04810000006
2025-06-22 14:52:04,768 - INFO: Prediction saved to predictions_hourly.csv: actual=102584.0, predicted=102520.04810000006
2025-06-22 14:54:04,460 - INFO: Prediction saved to predictions_hourly.csv: actual=102584.0, predicted=102520.04810000006
2025-06-22 14:55:04,843 - INFO: Prediction saved to predictions_hourly.csv: actual=102584.0, predicted=102520.04810000006
2025-06-22 14:57:01,927 - INFO: Prediction saved to predictions_hourly.csv: actual=102584.0, predicted=102520.04810000006
2025-06-22 14:58:05,543 - INFO: Prediction saved to predictions_hourly.csv: actual=102584.0, predicted=102520.04810000006
2025-06-22 15:00:05,547 - INFO: Prediction saved to predictions_hourly.csv: actual=102584.0, predicted=102520.04810000006
2025-06-22 15:02:03,344 - INFO: Prediction saved to predictions_hourly.csv: actual=102584.0, predicted=102520.04810000006
2025-06-22 15:04:01,569 - INFO: Prediction saved to predictions_hourly.csv: actual=102584.0, predicted=102520.04810000006
2025-06-22 15:05:03,839 - INFO: Prediction saved to predictions_hourly.csv: actual=102584.0, predicted=102520.04810000006
2025-06-22 15:07:01,959 - INFO: Prediction saved to predictions_hourly.csv: actual=102584.0, predicted=102520.04810000006
2025-06-22 15:08:05,482 - INFO: Prediction saved to predictions_hourly.csv: actual=102584.0, predicted=102520.04810000006
2025-06-22 15:10:02,597 - INFO: Prediction saved to predictions_hourly.csv: actual=102584.0, predicted=102520.04810000006
2025-06-22 15:11:03,812 - INFO: Prediction saved to predictions_hourly.csv: actual=102584.0, predicted=102520.04810000006
2025-06-22 15:13:04,152 - INFO: Prediction saved to predictions_hourly.csv: actual=102584.0, predicted=102520.04810000006
2025-06-22 15:15:03,151 - INFO: Prediction saved to predictions_hourly.csv: actual=102584.0, predicted=102520.04810000006
2025-06-22 15:17:05,717 - INFO: Prediction saved to predictions_hourly.csv: actual=102584.0, predicted=102520.04810000006
2025-06-22 15:17:20,789 - INFO: Graph update interval set to 60000 ms for 1day
2025-06-22 15:18:29,889 - INFO: Prediction saved to predictions_minute.csv: actual=102584.0, predicted=102589.13469999995
2025-06-22 15:19:30,209 - INFO: Prediction saved to predictions_minute.csv: actual=102584.0, predicted=102589.13469999995
2025-06-22 15:21:04,743 - INFO: Prediction saved to predictions_hourly.csv: actual=102584.0, predicted=102520.04810000006
2025-06-22 15:22:05,714 - INFO: Prediction saved to predictions_hourly.csv: actual=102584.0, predicted=102520.04810000006
2025-06-22 15:23:35,207 - INFO: Prediction saved to predictions_minute.csv: actual=102584.0, predicted=102589.13469999995
2025-06-22 15:24:40,540 - INFO: Prediction saved to predictions_minute.csv: actual=102584.0, predicted=102589.13469999995
2025-06-22 15:25:42,368 - INFO: Prediction saved to predictions_minute.csv: actual=102584.0, predicted=102589.13469999995
2025-06-22 15:26:43,451 - INFO: Prediction saved to predictions_minute.csv: actual=102584.0, predicted=102589.13469999995
2025-06-22 15:27:46,109 - INFO: Prediction saved to predictions_minute.csv: actual=102584.0, predicted=102589.13469999995
2025-06-22 15:28:48,674 - INFO: Prediction saved to predictions_minute.csv: actual=102584.0, predicted=102589.13469999995
2025-06-22 15:29:51,834 - INFO: Prediction saved to predictions_minute.csv: actual=102584.0, predicted=102589.13469999995
2025-06-22 15:30:57,391 - INFO: Prediction saved to predictions_minute.csv: actual=102584.0, predicted=102589.13469999995
2025-06-22 15:32:07,642 - INFO: Prediction saved to predictions_hourly.csv: actual=102584.0, predicted=102520.04810000006
2025-06-22 15:34:01,036 - INFO: Prediction saved to predictions_minute.csv: actual=102584.0, predicted=102589.13469999995
2025-06-22 15:35:04,479 - INFO: Prediction saved to predictions_hourly.csv: actual=102584.0, predicted=102520.04810000006
2025-06-22 15:36:07,875 - INFO: Prediction saved to predictions_hourly.csv: actual=102584.0, predicted=102520.04810000006
2025-06-22 15:37:59,938 - INFO: Prediction saved to predictions_minute.csv: actual=102584.0, predicted=102589.13469999995
2025-06-22 15:39:04,447 - INFO: Prediction saved to predictions_hourly.csv: actual=102584.0, predicted=102520.04810000006
2025-06-22 15:40:08,311 - INFO: Prediction saved to predictions_hourly.csv: actual=102584.0, predicted=102520.04810000006
2025-06-22 15:41:59,684 - INFO: Prediction saved to predictions_minute.csv: actual=102584.0, predicted=102589.13469999995
2025-06-22 15:43:03,725 - INFO: Prediction saved to predictions_hourly.csv: actual=102584.0, predicted=102520.04810000006
2025-06-22 15:44:06,735 - INFO: Prediction saved to predictions_hourly.csv: actual=102584.0, predicted=102520.04810000006
2025-06-22 15:45:06,827 - INFO: Prediction saved to predictions_hourly.csv: actual=102584.0, predicted=102520.04810000006
2025-06-22 15:46:58,818 - INFO: Prediction saved to predictions_minute.csv: actual=102584.0, predicted=102589.13469999995
2025-06-22 15:48:03,990 - INFO: Prediction saved to predictions_hourly.csv: actual=102584.0, predicted=102520.04810000006
2025-06-22 15:49:58,099 - INFO: Prediction saved to predictions_minute.csv: actual=102584.0, predicted=102589.13469999995
2025-06-22 15:50:59,283 - INFO: Prediction saved to predictions_minute.csv: actual=102584.0, predicted=102589.13469999995
2025-06-22 15:51:32,906 - ERROR: Kline WebSocket error: received 1008 (policy violation) Pong timeout; then sent 1008 (policy violation) Pong timeout, reconnecting in 5 seconds...
2025-06-22 15:51:32,909 - ERROR: AggTrade WebSocket error: sent 1011 (internal error) keepalive ping timeout; no close frame received, reconnecting in 5 seconds...
2025-06-22 15:52:02,108 - INFO: Prediction saved to predictions_minute.csv: actual=102584.0, predicted=102589.13469999995
2025-06-22 15:53:05,597 - INFO: Prediction saved to predictions_hourly.csv: actual=102584.0, predicted=102520.04810000006
2025-06-22 15:53:28,415 - WARNING: WebSocket gap detected: 6300.0 seconds
2025-06-22 15:55:01,831 - INFO: Prediction saved to predictions_minute.csv: actual=102663.99, predicted=102658.02959999995
2025-06-22 15:56:06,523 - INFO: Prediction saved to predictions_hourly.csv: actual=102663.99, predicted=102503.40230000005
2025-06-22 15:57:57,862 - INFO: Prediction saved to predictions_minute.csv: actual=102663.99, predicted=102658.02959999995
2025-06-22 15:59:02,735 - INFO: Prediction saved to predictions_minute.csv: actual=102663.99, predicted=102658.02959999995
2025-06-22 16:00:07,479 - INFO: Prediction saved to predictions_hourly.csv: actual=102663.99, predicted=102503.40230000005
2025-06-22 16:01:09,262 - INFO: Prediction saved to predictions_hourly.csv: actual=102663.99, predicted=102503.40230000005
2025-06-22 16:03:01,747 - INFO: Prediction saved to predictions_minute.csv: actual=102663.99, predicted=102658.02959999995
2025-06-22 16:04:02,786 - INFO: Prediction saved to predictions_minute.csv: actual=102663.99, predicted=102658.02959999995
2025-06-22 16:05:03,140 - INFO: Prediction saved to predictions_minute.csv: actual=102663.99, predicted=102658.02959999995
2025-06-22 16:06:04,511 - INFO: Prediction saved to predictions_hourly.csv: actual=102663.99, predicted=102503.40230000005
2025-06-22 16:07:04,771 - INFO: Prediction saved to predictions_hourly.csv: actual=102663.99, predicted=102503.40230000005
2025-06-22 16:08:06,574 - INFO: Prediction saved to predictions_hourly.csv: actual=102663.99, predicted=102503.40230000005
2025-06-22 16:09:09,944 - INFO: Prediction saved to predictions_hourly.csv: actual=102663.99, predicted=102503.40230000005
2025-06-22 16:10:59,519 - INFO: Prediction saved to predictions_minute.csv: actual=102663.99, predicted=102658.02959999995
2025-06-22 16:12:04,176 - INFO: Prediction saved to predictions_minute.csv: actual=102663.99, predicted=102658.02959999995
2025-06-22 16:12:04,195 - INFO: Prediction saved to predictions_hourly.csv: actual=102663.99, predicted=102503.40230000005
2025-06-22 16:13:09,388 - INFO: Prediction saved to predictions_hourly.csv: actual=102663.99, predicted=102503.40230000005
2025-06-22 16:14:59,484 - INFO: Prediction saved to predictions_minute.csv: actual=102663.99, predicted=102658.02959999995
2025-06-22 16:16:04,472 - INFO: Prediction saved to predictions_hourly.csv: actual=102663.99, predicted=102503.40230000005
2025-06-22 16:16:04,491 - INFO: Prediction saved to predictions_minute.csv: actual=102663.99, predicted=102658.02959999995
2025-06-22 16:17:05,484 - INFO: Prediction saved to predictions_minute.csv: actual=102663.99, predicted=102658.02959999995
2025-06-22 16:17:05,489 - INFO: Prediction saved to predictions_hourly.csv: actual=102663.99, predicted=102503.40230000005
2025-06-22 16:18:10,894 - INFO: Prediction saved to predictions_hourly.csv: actual=102663.99, predicted=102503.40230000005
2025-06-22 16:19:11,073 - INFO: Prediction saved to predictions_hourly.csv: actual=102663.99, predicted=102503.40230000005
2025-06-22 16:21:03,103 - INFO: Prediction saved to predictions_minute.csv: actual=102663.99, predicted=102658.02959999995
2025-06-22 16:22:09,823 - INFO: Prediction saved to predictions_hourly.csv: actual=102663.99, predicted=102503.40230000005
2025-06-22 16:24:02,035 - INFO: Prediction saved to predictions_minute.csv: actual=102663.99, predicted=102658.02959999995
2025-06-22 16:25:02,440 - INFO: Prediction saved to predictions_minute.csv: actual=102663.99, predicted=102658.02959999995
2025-06-22 16:26:03,532 - INFO: Prediction saved to predictions_minute.csv: actual=102663.99, predicted=102658.02959999995
2025-06-22 16:27:10,267 - INFO: Prediction saved to predictions_hourly.csv: actual=102663.99, predicted=102503.40230000005
2025-06-22 16:28:11,048 - INFO: Prediction saved to predictions_hourly.csv: actual=102663.99, predicted=102503.40230000005
2025-06-22 16:29:59,096 - INFO: Prediction saved to predictions_minute.csv: actual=102663.99, predicted=102658.02959999995
2025-06-22 16:31:00,496 - INFO: Prediction saved to predictions_minute.csv: actual=102663.99, predicted=102658.02959999995
2025-06-22 16:32:01,947 - INFO: Prediction saved to predictions_minute.csv: actual=102663.99, predicted=102658.02959999995
2025-06-22 16:33:03,535 - INFO: Prediction saved to predictions_minute.csv: actual=102663.99, predicted=102658.02959999995
2025-06-22 16:34:04,979 - INFO: Prediction saved to predictions_hourly.csv: actual=102663.99, predicted=102503.40230000005
2025-06-22 16:34:04,995 - INFO: Prediction saved to predictions_minute.csv: actual=102663.99, predicted=102658.02959999995
2025-06-22 16:35:07,010 - INFO: Prediction saved to predictions_hourly.csv: actual=102663.99, predicted=102503.40230000005
2025-06-22 16:36:09,033 - INFO: Prediction saved to predictions_hourly.csv: actual=102663.99, predicted=102503.40230000005
2025-06-22 16:37:11,211 - INFO: Prediction saved to predictions_hourly.csv: actual=102663.99, predicted=102503.40230000005
2025-06-22 16:39:03,172 - INFO: Prediction saved to predictions_minute.csv: actual=102663.99, predicted=102661.54469999995
2025-06-22 16:40:05,228 - INFO: Prediction saved to predictions_minute.csv: actual=102663.99, predicted=102654.82959999997
2025-06-22 16:40:05,248 - INFO: Prediction saved to predictions_hourly.csv: actual=102663.99, predicted=102503.40230000005
2025-06-22 16:41:07,366 - INFO: Prediction saved to predictions_hourly.csv: actual=102663.99, predicted=102503.40230000005
2025-06-22 16:42:10,763 - INFO: Prediction saved to predictions_hourly.csv: actual=102663.99, predicted=102503.40230000005
2025-06-22 16:44:02,875 - INFO: Prediction saved to predictions_minute.csv: actual=102663.99, predicted=102658.02959999995
2025-06-22 16:45:06,104 - INFO: Prediction saved to predictions_hourly.csv: actual=102663.99, predicted=102503.40230000005
2025-06-22 16:46:09,811 - INFO: Prediction saved to predictions_hourly.csv: actual=102663.99, predicted=102503.40230000005
2025-06-22 16:48:04,627 - INFO: Prediction saved to predictions_minute.csv: actual=102663.99, predicted=102658.02959999995
2025-06-22 16:49:08,819 - INFO: Prediction saved to predictions_hourly.csv: actual=102663.99, predicted=102503.40230000005
2025-06-22 16:51:02,073 - INFO: Prediction saved to predictions_minute.csv: actual=102663.99, predicted=102658.02959999995
2025-06-22 16:52:07,199 - INFO: Prediction saved to predictions_hourly.csv: actual=102663.99, predicted=102503.40230000005
2025-06-22 16:52:21,457 - ERROR: Kline WebSocket error: received 1008 (policy violation) Pong timeout; then sent 1008 (policy violation) Pong timeout, reconnecting in 5 seconds...
2025-06-22 16:52:21,458 - ERROR: AggTrade WebSocket error: no close frame received or sent, reconnecting in 5 seconds...
2025-06-22 16:53:11,576 - INFO: Prediction saved to predictions_hourly.csv: actual=102663.99, predicted=102503.40230000005
2025-06-22 16:55:01,584 - INFO: Prediction saved to predictions_minute.csv: actual=102663.99, predicted=102658.02959999995
2025-06-22 16:56:07,328 - INFO: Prediction saved to predictions_hourly.csv: actual=102663.99, predicted=102503.40230000005
2025-06-22 16:58:05,472 - INFO: Prediction saved to predictions_minute.csv: actual=102663.99, predicted=102658.02959999995
2025-06-22 16:58:05,492 - INFO: Prediction saved to predictions_hourly.csv: actual=102663.99, predicted=102503.40230000005
2025-06-22 16:59:12,096 - INFO: Prediction saved to predictions_hourly.csv: actual=102663.99, predicted=102503.40230000005
2025-06-22 16:59:19,486 - WARNING: WebSocket gap detected: 3600.0 seconds
2025-06-22 16:59:19,536 - INFO: Received 1817 kline records, last_close: 100729.99
2025-06-22 17:00:12,688 - INFO: Prediction saved to predictions_hourly.csv: actual=100634.39, predicted=102345.7926
2025-06-22 17:02:07,244 - INFO: Prediction saved to predictions_minute.csv: actual=100634.39, predicted=101195.8754
2025-06-22 17:02:07,308 - INFO: Prediction saved to predictions_hourly.csv: actual=100634.39, predicted=102345.7926
2025-06-22 17:03:12,253 - INFO: Prediction saved to predictions_hourly.csv: actual=100634.39, predicted=102345.7926
2025-06-22 17:04:12,463 - INFO: Prediction saved to predictions_hourly.csv: actual=100634.39, predicted=102345.7926
2025-06-22 17:06:05,815 - INFO: Prediction saved to predictions_minute.csv: actual=100634.39, predicted=101195.8754
2025-06-22 17:06:05,916 - INFO: Prediction saved to predictions_hourly.csv: actual=100634.39, predicted=102345.7926
2025-06-22 17:08:06,356 - INFO: Prediction saved to predictions_minute.csv: actual=100634.39, predicted=101195.8754
2025-06-22 17:08:06,431 - INFO: Prediction saved to predictions_hourly.csv: actual=100634.39, predicted=102345.7926
2025-06-22 17:09:07,197 - INFO: Prediction saved to predictions_hourly.csv: actual=100634.39, predicted=102345.7926
2025-06-22 17:10:11,172 - INFO: Prediction saved to predictions_hourly.csv: actual=100634.39, predicted=102345.7926
2025-06-22 17:11:13,416 - INFO: Prediction saved to predictions_hourly.csv: actual=100634.39, predicted=102345.7926
2025-06-22 17:12:59,560 - INFO: Prediction saved to predictions_minute.csv: actual=100634.39, predicted=101195.8754
2025-06-22 17:14:00,490 - INFO: Prediction saved to predictions_minute.csv: actual=100634.39, predicted=101195.8754
2025-06-22 17:15:02,280 - INFO: Prediction saved to predictions_minute.csv: actual=100634.39, predicted=101195.8754
2025-06-22 17:16:04,424 - INFO: Prediction saved to predictions_minute.csv: actual=100634.39, predicted=101195.8754
2025-06-22 17:17:07,248 - INFO: Prediction saved to predictions_hourly.csv: actual=100634.39, predicted=102345.7926
2025-06-22 17:17:07,271 - INFO: Prediction saved to predictions_minute.csv: actual=100634.39, predicted=101195.8754
2025-06-22 17:18:15,200 - INFO: Prediction saved to predictions_hourly.csv: actual=100634.39, predicted=102345.7926
2025-06-22 17:20:06,249 - INFO: Prediction saved to predictions_minute.csv: actual=100634.39, predicted=101195.8754
2025-06-22 17:20:06,271 - INFO: Prediction saved to predictions_hourly.csv: actual=100634.39, predicted=102345.7926
2025-06-22 17:21:07,768 - INFO: Prediction saved to predictions_hourly.csv: actual=100634.39, predicted=102345.7926
2025-06-22 17:22:09,977 - INFO: Prediction saved to predictions_hourly.csv: actual=100634.39, predicted=102345.7926
2025-06-22 17:23:12,145 - INFO: Prediction saved to predictions_hourly.csv: actual=100634.39, predicted=102345.7926
2025-06-22 17:24:59,759 - INFO: Prediction saved to predictions_minute.csv: actual=100634.39, predicted=101195.8754
2025-06-22 17:26:00,292 - INFO: Prediction saved to predictions_minute.csv: actual=100634.39, predicted=101195.8754
2025-06-22 17:27:08,185 - INFO: Prediction saved to predictions_hourly.csv: actual=100634.39, predicted=102345.7926
2025-06-22 17:28:09,672 - INFO: Prediction saved to predictions_hourly.csv: actual=100634.39, predicted=102345.7926
2025-06-22 17:29:11,704 - INFO: Prediction saved to predictions_hourly.csv: actual=100634.39, predicted=102345.7926
2025-06-22 17:30:12,474 - INFO: Prediction saved to predictions_hourly.csv: actual=100634.39, predicted=102345.7926
2025-06-22 17:31:13,228 - INFO: Prediction saved to predictions_hourly.csv: actual=100634.39, predicted=102345.7926
2025-06-22 17:32:59,748 - INFO: Prediction saved to predictions_minute.csv: actual=100634.39, predicted=101195.8754
2025-06-22 17:34:01,676 - INFO: Prediction saved to predictions_minute.csv: actual=100634.39, predicted=101195.8754
2025-06-22 17:35:02,178 - INFO: Prediction saved to predictions_minute.csv: actual=100634.39, predicted=101195.8754
2025-06-22 17:36:05,368 - INFO: Prediction saved to predictions_minute.csv: actual=100634.39, predicted=101195.8754
2025-06-22 17:37:08,171 - INFO: Prediction saved to predictions_hourly.csv: actual=100634.39, predicted=102345.7926
2025-06-22 17:38:10,010 - INFO: Prediction saved to predictions_hourly.csv: actual=100634.39, predicted=102345.7926
2025-06-22 17:39:10,436 - INFO: Prediction saved to predictions_hourly.csv: actual=100634.39, predicted=102345.7926
2025-06-22 17:40:12,464 - INFO: Prediction saved to predictions_hourly.csv: actual=100634.39, predicted=102345.7926
2025-06-22 17:42:01,061 - INFO: Prediction saved to predictions_minute.csv: actual=100634.39, predicted=101195.8754
2025-06-22 17:43:04,296 - INFO: Prediction saved to predictions_minute.csv: actual=100634.39, predicted=101195.8754
2025-06-22 17:44:07,776 - ERROR: Error in get_latest_features: Length of values (190) does not match length of index (191)
Traceback (most recent call last):
  File "/opt/binance_predict/app/data/handler.py", line 324, in get_latest_features
    pd.DataFrame(predictions).to_csv(pred_file, index=False)
  File "/opt/binance_predict/venv/lib/python3.9/site-packages/pandas/core/frame.py", line 859, in __init__
    mgr = arrays_to_mgr(
  File "/opt/binance_predict/venv/lib/python3.9/site-packages/pandas/core/internals/construction.py", line 119, in arrays_to_mgr
    arrays, refs = _homogenize(arrays, index, dtype)
  File "/opt/binance_predict/venv/lib/python3.9/site-packages/pandas/core/internals/construction.py", line 630, in _homogenize
    com.require_length_match(val, index)
  File "/opt/binance_predict/venv/lib/python3.9/site-packages/pandas/core/common.py", line 573, in require_length_match
    raise ValueError(
ValueError: Length of values (190) does not match length of index (191)
2025-06-22 17:44:07,792 - INFO: Prediction saved to predictions_hourly.csv: actual=100634.39, predicted=102345.7926
2025-06-22 17:45:09,696 - INFO: Prediction saved to predictions_hourly.csv: actual=100634.39, predicted=102345.7926
2025-06-22 17:46:12,428 - INFO: Prediction saved to predictions_hourly.csv: actual=100634.39, predicted=102345.7926
2025-06-22 17:48:02,944 - INFO: Prediction saved to predictions_minute.csv: actual=100634.39, predicted=101195.8754
2025-06-22 17:49:07,116 - INFO: Prediction saved to predictions_hourly.csv: actual=100634.39, predicted=102345.7926
2025-06-22 17:49:07,176 - INFO: Prediction saved to predictions_minute.csv: actual=100634.39, predicted=101195.8754
2025-06-22 17:50:11,096 - INFO: Prediction saved to predictions_hourly.csv: actual=100634.39, predicted=102345.7926
2025-06-22 17:51:13,275 - INFO: Prediction saved to predictions_hourly.csv: actual=100634.39, predicted=102345.7926
2025-06-22 17:53:11,696 - INFO: Prediction saved to predictions_hourly.csv: actual=100634.39, predicted=102345.7926
2025-06-22 17:55:08,612 - INFO: Prediction saved to predictions_hourly.csv: actual=100634.39, predicted=102345.7926
2025-06-22 17:56:10,969 - INFO: Prediction saved to predictions_hourly.csv: actual=100634.39, predicted=102345.7926
2025-06-22 17:57:13,550 - INFO: Prediction saved to predictions_hourly.csv: actual=100634.39, predicted=102345.7926
2025-06-22 17:59:11,276 - INFO: Prediction saved to predictions_hourly.csv: actual=100634.39, predicted=102345.7926
2025-06-22 18:01:09,884 - INFO: Prediction saved to predictions_hourly.csv: actual=100634.39, predicted=102345.7926
2025-06-22 18:02:13,236 - INFO: Prediction saved to predictions_hourly.csv: actual=100634.39, predicted=102345.7926
2025-06-22 18:04:12,326 - INFO: Prediction saved to predictions_hourly.csv: actual=100634.39, predicted=102345.7926
2025-06-22 18:05:23,688 - ERROR: Kline WebSocket error: received 1008 (policy violation) Pong timeout; then sent 1008 (policy violation) Pong timeout, reconnecting in 5 seconds...
2025-06-22 18:06:11,507 - INFO: Prediction saved to predictions_hourly.csv: actual=100634.39, predicted=102345.7926
2025-06-22 18:08:10,704 - INFO: Prediction saved to predictions_hourly.csv: actual=100634.39, predicted=102345.7926
2025-06-22 18:10:09,432 - INFO: Prediction saved to predictions_hourly.csv: actual=100634.39, predicted=102345.7926
2025-06-22 18:12:12,537 - INFO: Prediction saved to predictions_hourly.csv: actual=100634.39, predicted=102345.7926
2025-06-22 18:14:10,740 - INFO: Prediction saved to predictions_hourly.csv: actual=100634.39, predicted=102345.7926
2025-06-22 18:15:13,284 - INFO: Prediction saved to predictions_hourly.csv: actual=100634.39, predicted=102345.7926
2025-06-22 18:17:12,881 - INFO: Prediction saved to predictions_hourly.csv: actual=100634.39, predicted=102345.7926
2025-06-22 18:19:14,108 - INFO: Prediction saved to predictions_hourly.csv: actual=100634.39, predicted=102345.7926
2025-06-22 18:21:06,984 - INFO: Prediction saved to predictions_hourly.csv: actual=100634.39, predicted=102345.7926
2025-06-22 18:22:10,341 - INFO: Prediction saved to predictions_hourly.csv: actual=100634.39, predicted=102345.7926
2025-06-22 18:23:13,671 - INFO: Prediction saved to predictions_hourly.csv: actual=100634.39, predicted=102345.7926
2025-06-22 18:25:06,931 - INFO: Prediction saved to predictions_hourly.csv: actual=100634.39, predicted=102345.7926
2025-06-22 18:26:10,521 - INFO: Prediction saved to predictions_hourly.csv: actual=100634.39, predicted=102345.7926
2025-06-22 18:28:11,688 - INFO: Prediction saved to predictions_hourly.csv: actual=100634.39, predicted=102345.7926
2025-06-22 18:30:11,257 - INFO: Prediction saved to predictions_hourly.csv: actual=100634.39, predicted=102345.7926
2025-06-22 18:32:11,281 - INFO: Prediction saved to predictions_hourly.csv: actual=100634.39, predicted=102345.7926
2025-06-22 18:34:07,845 - INFO: Prediction saved to predictions_hourly.csv: actual=100634.39, predicted=102345.7926
2025-06-22 18:35:14,188 - INFO: Prediction saved to predictions_hourly.csv: actual=100634.39, predicted=102345.7926
2025-06-22 18:37:11,661 - INFO: Prediction saved to predictions_hourly.csv: actual=100634.39, predicted=102345.7926
2025-06-22 18:39:07,615 - INFO: Prediction saved to predictions_hourly.csv: actual=100634.39, predicted=102345.7926
2025-06-22 18:40:13,465 - INFO: Prediction saved to predictions_hourly.csv: actual=100634.39, predicted=102345.7926
2025-06-22 18:42:08,281 - INFO: Prediction saved to predictions_hourly.csv: actual=100634.39, predicted=102345.7926
2025-06-22 18:43:14,418 - INFO: Prediction saved to predictions_hourly.csv: actual=100634.39, predicted=102345.7926
2025-06-22 18:45:09,715 - INFO: Prediction saved to predictions_hourly.csv: actual=100634.39, predicted=102345.7926
2025-06-22 18:47:13,171 - INFO: Prediction saved to predictions_hourly.csv: actual=100634.39, predicted=102345.7926
2025-06-22 18:49:11,496 - INFO: Prediction saved to predictions_hourly.csv: actual=100634.39, predicted=102345.7926
2025-06-22 18:51:07,307 - INFO: Prediction saved to predictions_hourly.csv: actual=100634.39, predicted=102345.7926
2025-06-22 18:52:14,133 - INFO: Prediction saved to predictions_hourly.csv: actual=100634.39, predicted=102345.7926
2025-06-22 18:54:10,748 - INFO: Prediction saved to predictions_hourly.csv: actual=100634.39, predicted=102345.7926
2025-06-22 18:56:08,308 - INFO: Prediction saved to predictions_hourly.csv: actual=100634.39, predicted=102345.7926
2025-06-22 18:58:15,804 - INFO: Prediction saved to predictions_hourly.csv: actual=100634.39, predicted=102345.7926
2025-06-22 19:00:08,124 - INFO: Prediction saved to predictions_hourly.csv: actual=100634.39, predicted=102345.7926
2025-06-22 19:02:07,313 - INFO: Prediction saved to predictions_hourly.csv: actual=100634.39, predicted=102345.7926
2025-06-22 19:03:15,181 - INFO: Prediction saved to predictions_hourly.csv: actual=100634.39, predicted=102345.7926
2025-06-22 19:05:13,956 - INFO: Prediction saved to predictions_hourly.csv: actual=100634.39, predicted=102345.7926
2025-06-22 19:07:11,900 - INFO: Prediction saved to predictions_hourly.csv: actual=100634.39, predicted=102345.7926
2025-06-22 19:09:09,556 - INFO: Prediction saved to predictions_hourly.csv: actual=100634.39, predicted=102345.7926
2025-06-22 19:11:07,197 - INFO: Prediction saved to predictions_hourly.csv: actual=100634.39, predicted=102345.7926
2025-06-22 19:11:32,117 - ERROR: AggTrade WebSocket error: no close frame received or sent, reconnecting in 10 seconds...
2025-06-22 19:11:34,145 - WARNING: WebSocket gap detected: 8280.0 seconds
2025-06-22 19:12:08,164 - INFO: Prediction saved to predictions_hourly.csv: actual=99185.33, predicted=102345.7926
2025-06-22 19:14:07,828 - INFO: Prediction saved to predictions_hourly.csv: actual=99185.33, predicted=102345.7926
2025-06-22 19:16:07,392 - INFO: Prediction saved to predictions_hourly.csv: actual=99185.33, predicted=102345.7926
2025-06-22 19:18:15,176 - INFO: Prediction saved to predictions_hourly.csv: actual=99185.33, predicted=102345.7926
2025-06-22 19:20:14,556 - INFO: Prediction saved to predictions_hourly.csv: actual=99185.33, predicted=102345.7926
2025-06-22 19:22:13,057 - INFO: Prediction saved to predictions_hourly.csv: actual=99185.33, predicted=102345.7926
2025-06-22 19:24:11,721 - INFO: Prediction saved to predictions_hourly.csv: actual=99185.33, predicted=102345.7926
2025-06-22 19:25:12,812 - INFO: Prediction saved to predictions_hourly.csv: actual=99185.33, predicted=102345.7926
2025-06-22 19:26:13,229 - INFO: Prediction saved to predictions_hourly.csv: actual=99185.33, predicted=102345.7926
2025-06-22 19:27:13,772 - INFO: Prediction saved to predictions_hourly.csv: actual=99185.33, predicted=102345.7926
2025-06-22 19:28:14,629 - INFO: Prediction saved to predictions_hourly.csv: actual=99185.33, predicted=102345.7926
2025-06-22 19:30:09,509 - INFO: Prediction saved to predictions_hourly.csv: actual=99185.33, predicted=102345.7926
2025-06-22 19:31:10,658 - INFO: Prediction saved to predictions_hourly.csv: actual=99185.33, predicted=102345.7926
2025-06-22 19:32:12,737 - INFO: Prediction saved to predictions_hourly.csv: actual=99185.33, predicted=102345.7926
2025-06-22 19:33:14,813 - INFO: Prediction saved to predictions_hourly.csv: actual=99185.33, predicted=102345.7926
2025-06-22 19:35:14,905 - INFO: Prediction saved to predictions_hourly.csv: actual=99185.33, predicted=102345.7926
2025-06-22 19:36:15,180 - INFO: Prediction saved to predictions_hourly.csv: actual=99185.33, predicted=102345.7926
2025-06-22 19:37:15,665 - INFO: Prediction saved to predictions_hourly.csv: actual=99185.33, predicted=102345.7926
2025-06-22 19:39:15,281 - INFO: Prediction saved to predictions_hourly.csv: actual=99185.33, predicted=102345.7926
2025-06-22 19:41:14,390 - INFO: Prediction saved to predictions_hourly.csv: actual=99185.33, predicted=102345.7926
2025-06-22 19:43:14,057 - INFO: Prediction saved to predictions_hourly.csv: actual=99185.33, predicted=102345.7926
2025-06-22 19:44:14,213 - INFO: Prediction saved to predictions_hourly.csv: actual=99185.33, predicted=102345.7926
2025-06-22 19:46:12,597 - INFO: Prediction saved to predictions_hourly.csv: actual=99185.33, predicted=102345.7926
2025-06-22 19:47:13,120 - INFO: Prediction saved to predictions_hourly.csv: actual=99185.33, predicted=102345.7926
2025-06-22 19:48:13,447 - INFO: Prediction saved to predictions_hourly.csv: actual=99185.33, predicted=102345.7926
2025-06-22 19:49:13,909 - INFO: Prediction saved to predictions_hourly.csv: actual=99185.33, predicted=102345.7926
2025-06-22 19:50:14,645 - INFO: Prediction saved to predictions_hourly.csv: actual=99185.33, predicted=102345.7926
2025-06-22 19:52:14,901 - INFO: Prediction saved to predictions_hourly.csv: actual=99185.33, predicted=102345.7926
2025-06-22 19:54:11,714 - INFO: Prediction saved to predictions_hourly.csv: actual=99185.33, predicted=102345.7926
2025-06-22 19:55:11,749 - INFO: Prediction saved to predictions_hourly.csv: actual=99185.33, predicted=102345.7926
2025-06-22 19:56:12,025 - INFO: Prediction saved to predictions_hourly.csv: actual=99185.33, predicted=102345.7926
2025-06-22 19:57:12,401 - INFO: Prediction saved to predictions_hourly.csv: actual=99185.33, predicted=102345.7926
2025-06-22 19:58:13,809 - INFO: Prediction saved to predictions_hourly.csv: actual=99185.33, predicted=102345.7926
2025-06-22 19:59:14,362 - INFO: Prediction saved to predictions_hourly.csv: actual=99185.33, predicted=102345.7926
2025-06-22 20:01:13,688 - INFO: Prediction saved to predictions_hourly.csv: actual=99185.33, predicted=102345.7926
2025-06-22 20:02:13,799 - INFO: Prediction saved to predictions_hourly.csv: actual=99185.33, predicted=102345.7926
2025-06-22 20:04:12,905 - INFO: Prediction saved to predictions_hourly.csv: actual=99185.33, predicted=102345.7926
2025-06-22 20:06:12,397 - INFO: Prediction saved to predictions_hourly.csv: actual=99185.33, predicted=102345.7926
2025-06-22 20:08:11,041 - INFO: Prediction saved to predictions_hourly.csv: actual=99185.33, predicted=102345.7926
2025-06-22 20:10:11,425 - INFO: Prediction saved to predictions_hourly.csv: actual=99185.33, predicted=102345.7926
2025-06-22 20:12:10,369 - INFO: Prediction saved to predictions_hourly.csv: actual=99185.33, predicted=102345.7926
2025-06-22 20:14:08,845 - INFO: Prediction saved to predictions_hourly.csv: actual=99185.33, predicted=102345.7926
2025-06-22 20:15:09,037 - INFO: Prediction saved to predictions_hourly.csv: actual=99185.33, predicted=102345.7926
2025-06-22 20:16:09,113 - INFO: Prediction saved to predictions_hourly.csv: actual=99185.33, predicted=102345.7926
2025-06-22 20:17:09,289 - INFO: Prediction saved to predictions_hourly.csv: actual=99185.33, predicted=102345.7926
2025-06-22 20:19:08,413 - INFO: Prediction saved to predictions_hourly.csv: actual=99185.33, predicted=102345.7926
2025-06-22 20:21:15,017 - INFO: Prediction saved to predictions_hourly.csv: actual=99185.33, predicted=102345.7926
2025-06-22 20:23:14,345 - INFO: Prediction saved to predictions_hourly.csv: actual=99185.33, predicted=102345.7926
2025-06-22 20:25:13,457 - INFO: Prediction saved to predictions_hourly.csv: actual=98970.11, predicted=102345.7926
2025-06-22 20:27:11,305 - INFO: Prediction saved to predictions_hourly.csv: actual=98970.11, predicted=102345.7926
2025-06-22 20:29:10,141 - INFO: Prediction saved to predictions_hourly.csv: actual=98970.11, predicted=102345.7926
2025-06-22 20:31:07,829 - INFO: Prediction saved to predictions_hourly.csv: actual=98970.11, predicted=102345.7926
2025-06-22 20:33:13,915 - INFO: Prediction saved to predictions_hourly.csv: actual=98970.11, predicted=102345.7926
2025-06-22 20:35:12,549 - INFO: Prediction saved to predictions_hourly.csv: actual=98970.11, predicted=102345.7926
2025-06-22 20:37:11,653 - INFO: Prediction saved to predictions_hourly.csv: actual=98970.11, predicted=102345.7926
2025-06-22 20:38:11,673 - INFO: Prediction saved to predictions_hourly.csv: actual=98970.11, predicted=102345.7926
2025-06-22 20:40:11,585 - INFO: Prediction saved to predictions_hourly.csv: actual=98970.11, predicted=102345.7926
2025-06-22 20:41:12,713 - INFO: Prediction saved to predictions_hourly.csv: actual=98970.11, predicted=102345.7926
2025-06-22 20:43:11,837 - INFO: Prediction saved to predictions_hourly.csv: actual=98970.11, predicted=102345.7926
2025-06-22 20:44:13,275 - INFO: Prediction saved to predictions_hourly.csv: actual=98970.11, predicted=102345.7926
2025-06-22 20:45:15,709 - INFO: Prediction saved to predictions_hourly.csv: actual=98970.11, predicted=102345.7926
2025-06-22 20:47:08,241 - INFO: Prediction saved to predictions_hourly.csv: actual=98970.11, predicted=102345.7926
2025-06-22 20:48:08,269 - INFO: Prediction saved to predictions_hourly.csv: actual=98970.11, predicted=102345.7926
2025-06-22 20:50:14,977 - INFO: Prediction saved to predictions_hourly.csv: actual=98970.11, predicted=102345.7926
2025-06-22 20:52:13,941 - INFO: Prediction saved to predictions_hourly.csv: actual=98970.11, predicted=102345.7926
2025-06-22 20:53:14,721 - INFO: Prediction saved to predictions_hourly.csv: actual=98970.11, predicted=102345.7926
2025-06-22 20:54:15,627 - INFO: Prediction saved to predictions_hourly.csv: actual=98970.11, predicted=102345.7926
2025-06-22 20:56:08,451 - INFO: Prediction saved to predictions_hourly.csv: actual=98970.11, predicted=102345.7926
2025-06-22 20:58:07,689 - INFO: Prediction saved to predictions_hourly.csv: actual=98970.11, predicted=102345.7926
2025-06-22 20:59:09,309 - INFO: Prediction saved to predictions_hourly.csv: actual=98970.11, predicted=102345.7926
2025-06-22 21:00:09,913 - INFO: Prediction saved to predictions_hourly.csv: actual=98970.11, predicted=102345.7926
2025-06-22 21:01:10,883 - INFO: Prediction saved to predictions_hourly.csv: actual=98970.11, predicted=102345.7926
2025-06-22 21:02:12,553 - INFO: Prediction saved to predictions_hourly.csv: actual=98970.11, predicted=102345.7926
2025-06-22 21:03:12,757 - INFO: Prediction saved to predictions_hourly.csv: actual=98970.11, predicted=102345.7926
2025-06-22 21:04:13,639 - INFO: Prediction saved to predictions_hourly.csv: actual=98970.11, predicted=102345.7926
2025-06-22 21:05:14,805 - INFO: Prediction saved to predictions_hourly.csv: actual=98970.11, predicted=102345.7926
2025-06-22 21:06:15,922 - INFO: Prediction saved to predictions_hourly.csv: actual=98970.11, predicted=102345.7926
2025-06-22 21:08:10,894 - INFO: Prediction saved to predictions_hourly.csv: actual=98970.11, predicted=102345.7926
2025-06-22 21:10:09,798 - INFO: Prediction saved to predictions_hourly.csv: actual=98970.11, predicted=102345.7926
2025-06-22 21:12:10,213 - INFO: Prediction saved to predictions_hourly.csv: actual=98970.11, predicted=102345.7926
2025-06-22 21:13:10,749 - INFO: Prediction saved to predictions_hourly.csv: actual=98970.11, predicted=102345.7926
2025-06-22 21:14:10,873 - INFO: Prediction saved to predictions_hourly.csv: actual=98970.11, predicted=102345.7926
2025-06-22 21:15:11,965 - INFO: Prediction saved to predictions_hourly.csv: actual=98970.11, predicted=102345.7926
2025-06-22 21:16:11,981 - INFO: Prediction saved to predictions_hourly.csv: actual=98970.11, predicted=102345.7926
2025-06-22 21:17:13,054 - INFO: Prediction saved to predictions_hourly.csv: actual=98970.11, predicted=102345.7926
2025-06-22 21:18:13,292 - INFO: Prediction saved to predictions_hourly.csv: actual=98970.11, predicted=102345.7926
2025-06-22 21:19:13,633 - INFO: Prediction saved to predictions_hourly.csv: actual=98970.11, predicted=102345.7926
2025-06-22 21:20:13,850 - INFO: Prediction saved to predictions_hourly.csv: actual=98970.11, predicted=102345.7926
2025-06-22 21:21:14,729 - INFO: Prediction saved to predictions_hourly.csv: actual=98970.11, predicted=102345.7926
2025-06-22 21:22:15,515 - INFO: Prediction saved to predictions_hourly.csv: actual=98970.11, predicted=102345.7926
2025-06-22 21:24:09,617 - INFO: Prediction saved to predictions_hourly.csv: actual=98970.11, predicted=102345.7926
2025-06-22 21:25:10,493 - INFO: Prediction saved to predictions_hourly.csv: actual=98970.11, predicted=102345.7926
2025-06-22 21:26:11,005 - INFO: Prediction saved to predictions_hourly.csv: actual=98970.11, predicted=102345.7926
2025-06-22 21:27:11,985 - INFO: Prediction saved to predictions_hourly.csv: actual=98970.11, predicted=102345.7926
2025-06-22 21:28:13,085 - INFO: Prediction saved to predictions_hourly.csv: actual=98970.11, predicted=102345.7926
2025-06-22 21:29:15,254 - INFO: Prediction saved to predictions_hourly.csv: actual=98970.11, predicted=102345.7926
2025-06-22 21:31:08,859 - INFO: Prediction saved to predictions_hourly.csv: actual=98970.11, predicted=102345.7926
2025-06-22 21:32:10,523 - INFO: Prediction saved to predictions_hourly.csv: actual=98970.11, predicted=102345.7926
2025-06-22 21:33:12,098 - INFO: Prediction saved to predictions_hourly.csv: actual=98970.11, predicted=102345.7926
2025-06-22 21:34:12,874 - INFO: Prediction saved to predictions_hourly.csv: actual=98970.11, predicted=102345.7926
2025-06-22 21:35:14,197 - INFO: Prediction saved to predictions_hourly.csv: actual=98970.11, predicted=102345.7926
2025-06-22 21:36:15,222 - INFO: Prediction saved to predictions_hourly.csv: actual=98970.11, predicted=102345.7926
2025-06-22 21:37:16,066 - INFO: Prediction saved to predictions_hourly.csv: actual=98970.11, predicted=102345.7926
2025-06-22 21:39:10,001 - INFO: Prediction saved to predictions_hourly.csv: actual=98970.11, predicted=102345.7926
2025-06-22 21:40:10,533 - INFO: Prediction saved to predictions_hourly.csv: actual=98970.11, predicted=102345.7926
2025-06-22 21:41:11,449 - INFO: Prediction saved to predictions_hourly.csv: actual=98970.11, predicted=102345.7926
2025-06-22 21:42:11,901 - INFO: Prediction saved to predictions_hourly.csv: actual=98970.11, predicted=102345.7926
2025-06-22 21:43:12,470 - INFO: Prediction saved to predictions_hourly.csv: actual=98970.11, predicted=102345.7926
2025-06-22 21:44:12,761 - INFO: Prediction saved to predictions_hourly.csv: actual=98970.11, predicted=102345.7926
2025-06-22 21:45:14,573 - INFO: Prediction saved to predictions_hourly.csv: actual=98970.11, predicted=102345.7926
2025-06-22 21:46:15,221 - INFO: Prediction saved to predictions_hourly.csv: actual=98970.11, predicted=102345.7926
2025-06-22 21:47:15,554 - INFO: Prediction saved to predictions_hourly.csv: actual=98970.11, predicted=102345.7926
2025-06-22 21:49:10,329 - INFO: Prediction saved to predictions_hourly.csv: actual=98970.11, predicted=102345.7926
2025-06-22 21:50:11,695 - INFO: Prediction saved to predictions_hourly.csv: actual=98970.11, predicted=102345.7926
2025-06-22 21:51:13,427 - INFO: Prediction saved to predictions_hourly.csv: actual=98970.11, predicted=102345.7926
2025-06-22 21:52:15,479 - INFO: Prediction saved to predictions_hourly.csv: actual=98970.11, predicted=102345.7926
2025-06-22 21:54:09,689 - INFO: Prediction saved to predictions_hourly.csv: actual=98970.11, predicted=102345.7926
2025-06-22 21:55:10,253 - INFO: Prediction saved to predictions_hourly.csv: actual=98970.11, predicted=102345.7926
2025-06-22 21:56:12,785 - INFO: Prediction saved to predictions_hourly.csv: actual=98970.11, predicted=102345.7926
2025-06-22 21:57:14,329 - INFO: Prediction saved to predictions_hourly.csv: actual=98970.11, predicted=102345.7926
2025-06-22 21:58:15,297 - INFO: Prediction saved to predictions_hourly.csv: actual=98970.11, predicted=102345.7926
2025-06-22 21:59:16,857 - INFO: Prediction saved to predictions_hourly.csv: actual=98970.11, predicted=102345.7926
2025-06-22 22:01:11,911 - INFO: Prediction saved to predictions_hourly.csv: actual=98970.11, predicted=102345.7926
2025-06-22 22:02:13,280 - INFO: Prediction saved to predictions_hourly.csv: actual=98970.11, predicted=102345.7926
2025-06-22 22:03:15,545 - INFO: Prediction saved to predictions_hourly.csv: actual=98970.11, predicted=102345.7926
2025-06-22 22:05:10,777 - INFO: Prediction saved to predictions_hourly.csv: actual=98970.11, predicted=102345.7926
2025-06-22 22:06:13,116 - INFO: Prediction saved to predictions_hourly.csv: actual=98970.11, predicted=102345.7926
2025-06-22 22:07:15,245 - INFO: Prediction saved to predictions_hourly.csv: actual=98970.11, predicted=102345.7926
2025-06-22 22:52:46,208 - ERROR: Kline WebSocket error: received 1008 (policy violation) Pong timeout; then sent 1008 (policy violation) Pong timeout, reconnecting in 5 seconds...
2025-06-22 22:52:46,210 - ERROR: AggTrade WebSocket error: no close frame received or sent, reconnecting in 5 seconds...
2025-06-22 23:47:50,308 - ERROR: Kline WebSocket error: timed out during opening handshake, reconnecting in 5 seconds...
2025-06-23 01:33:44,634 - ERROR: AggTrade WebSocket error: no close frame received or sent, reconnecting in 10 seconds...
2025-06-23 01:33:46,144 - WARNING: WebSocket gap detected: 22800.0 seconds
2025-06-23 03:04:54,910 - INFO: Received 2433 kline records, last_close: 100499.99
2025-06-23 05:47:15,932 - INFO: Prediction saved to predictions_minute.csv: actual=100489.63, predicted=101189.31570000006
2025-06-23 05:58:39,696 - INFO: Graph update interval set to 60000 ms for 1day
2025-06-23 05:58:58,844 - INFO: Prediction saved to predictions_minute.csv: actual=100489.63, predicted=101189.31570000006
2025-06-23 06:00:20,952 - ERROR: Kline WebSocket error: received 1008 (policy violation) Pong timeout; then sent 1008 (policy violation) Pong timeout, reconnecting in 5 seconds...
2025-06-23 06:00:20,954 - ERROR: AggTrade WebSocket error: no close frame received or sent, reconnecting in 5 seconds...
2025-06-23 06:04:38,690 - INFO: Graph update interval set to 60000 ms for 1day
2025-06-23 06:04:56,308 - INFO: Пользователь инициировал перезапуск приложения.
2025-06-23 06:05:02,761 - INFO: Starting application
2025-06-23 06:05:03,227 - INFO: Fetched 1000 records for 1day, total: 1000
2025-06-23 06:05:03,815 - INFO: Fetched 440 records for 1day, total: 1440
2025-06-23 06:05:04,612 - INFO: Fetched 1440 historical records for 1day, expected: 1440
2025-06-23 06:05:05,709 - INFO: Minute model trained, R²=0.9996, samples=1439
2025-06-23 06:05:05,975 - INFO: Hourly model trained, R²=0.9637, samples=24
2025-06-23 06:05:05,975 - INFO: Initial models trained
2025-06-23 06:05:06,356 - INFO: Network connection to Binance API is stable
2025-06-23 06:05:40,016 - INFO: Prediction saved to predictions_minute.csv: actual=101247.99, predicted=101238.70399999998
2025-06-23 06:06:40,704 - INFO: Prediction saved to predictions_minute.csv: actual=101327.59, predicted=101374.18190000003
2025-06-23 06:07:41,281 - INFO: Prediction saved to predictions_minute.csv: actual=101327.59, predicted=101374.18190000003
2025-06-23 06:08:42,772 - INFO: Prediction saved to predictions_minute.csv: actual=101327.59, predicted=101374.18190000003
2025-06-23 06:09:45,092 - INFO: Prediction saved to predictions_minute.csv: actual=101327.59, predicted=101374.18190000003
2025-06-23 06:10:48,358 - INFO: Prediction saved to predictions_minute.csv: actual=101327.59, predicted=101374.18190000003
2025-06-23 06:11:52,481 - INFO: Prediction saved to predictions_minute.csv: actual=101327.59, predicted=101374.18190000003
2025-06-23 06:12:53,323 - INFO: Prediction saved to predictions_minute.csv: actual=101327.59, predicted=101374.18190000003
2025-06-23 06:14:53,848 - INFO: Prediction saved to predictions_minute.csv: actual=101327.59, predicted=101374.18190000003
2025-06-23 06:15:28,072 - INFO: Graph update interval set to 60000 ms for 1day
2025-06-23 06:16:31,044 - INFO: Prediction saved to predictions_minute.csv: actual=101343.37, predicted=101331.90100000009
2025-06-23 06:17:31,091 - INFO: Prediction saved to predictions_minute.csv: actual=101343.37, predicted=101331.90100000009
2025-06-23 06:18:32,063 - INFO: Prediction saved to predictions_minute.csv: actual=101343.37, predicted=101331.90100000009
2025-06-23 06:19:50,067 - INFO: Prediction saved to predictions_minute.csv: actual=101343.37, predicted=101331.90100000009
